Unity Editor version:    2020.3.19f1 (68f137dc9bbe)
Branch:                  2020.3/staging
Build type:              Release
Batch mode:              YES
macOS version:           Version 10.15.5 (Build 19F101)
Darwin version:          19.5.0
Architecture:            x86_64
Running under Rosetta:   NO
Available memory:        16384 MB
Using pre-set license
Pro License: NO

COMMAND LINE ARGUMENTS:
/Applications/Unity/Hub/Editor/2020.3.19f1/Unity.app/Contents/MacOS/Unity
-adb2
-batchMode
-noUpm
-name
AssetImportWorker0
-projectPath
/Users/hayaaljuraysi/Downloads/Frame Freeze2
-logFile
Logs/AssetImportWorker0.log
-srvPort
52033
Successfully changed project path to: /Users/hayaaljuraysi/Downloads/Frame Freeze2
/Users/hayaaljuraysi/Downloads/Frame Freeze2
Using Asset Import Pipeline V2.
Refreshing native plugins compatible for Editor in 84.08 ms, found 3 plugins.
Preloading 0 native plugins for Editor in 0.00 ms.
Initialize engine version: 2020.3.19f1 (68f137dc9bbe)
[Subsystems] Discovering subsystems at path /Applications/Unity/Hub/Editor/2020.3.19f1/Unity.app/Contents/Resources/UnitySubsystems
[Subsystems] Discovering subsystems at path /Users/hayaaljuraysi/Downloads/Frame Freeze2/Assets
GfxDevice: creating device client; threaded=0
Renderer: AMD Radeon Pro 5300M OpenGL Engine
Vendor:   ATI Technologies Inc.
Version:  4.1 ATI-3.9.15
GLES:     0
 GL_ARB_blend_func_extended GL_ARB_draw_buffers_blend GL_ARB_draw_indirect GL_ARB_ES2_compatibility GL_ARB_explicit_attrib_location GL_ARB_gpu_shader_fp64 GL_ARB_gpu_shader5 GL_ARB_instanced_arrays GL_ARB_internalformat_query GL_ARB_occlusion_query2 GL_ARB_sample_shading GL_ARB_sampler_objects GL_ARB_separate_shader_objects GL_ARB_shader_bit_encoding GL_ARB_shader_subroutine GL_ARB_shading_language_include GL_ARB_tessellation_shader GL_ARB_texture_buffer_object_rgb32 GL_ARB_texture_cube_map_array GL_ARB_texture_gather GL_ARB_texture_query_lod GL_ARB_texture_rgb10_a2ui GL_ARB_texture_storage GL_ARB_texture_swizzle GL_ARB_timer_query GL_ARB_transform_feedback2 GL_ARB_transform_feedback3 GL_ARB_vertex_attrib_64bit GL_ARB_vertex_type_2_10_10_10_rev GL_ARB_viewport_array GL_EXT_debug_label GL_EXT_debug_marker GL_EXT_depth_bounds_test GL_EXT_texture_compression_s3tc GL_EXT_texture_filter_anisotropic GL_EXT_texture_mirror_clamp GL_EXT_texture_sRGB_decode GL_APPLE_client_storage GL_APPLE_container_object_shareable G
L_APPLE_flush_render GL_APPLE_object_purgeable GL_APPLE_rgb_422 GL_APPLE_row_bytes GL_APPLE_texture_range GL_ATI_texture_mirror_once GL_NV_texture_barrier
OPENGL LOG: Creating OpenGL 4.1 graphics device ; Context level  <OpenGL 4.1> ; Context handle -1115441152
Initialize mono
Mono path[0] = '/Applications/Unity/Hub/Editor/2020.3.19f1/Unity.app/Contents/Managed'
Mono path[1] = '/Applications/Unity/Hub/Editor/2020.3.19f1/Unity.app/Contents/MonoBleedingEdge/lib/mono/unityjit'
Mono config path = '/Applications/Unity/Hub/Editor/2020.3.19f1/Unity.app/Contents/MonoBleedingEdge/etc'
Using monoOptions --debugger-agent=transport=dt_socket,embedding=1,server=y,suspend=n,address=127.0.0.1:56729
Begin MonoManager ReloadAssembly
Registering precompiled unity dll's ...
Register platform support module: /Applications/Unity/Hub/Editor/2020.3.19f1/PlaybackEngines/WebGLSupport/UnityEditor.WebGL.Extensions.dll
Register platform support module: /Applications/Unity/Hub/Editor/2020.3.19f1/Unity.app/Contents/PlaybackEngines/MacStandaloneSupport/UnityEditor.OSXStandalone.Extensions.dll
Registered in 0.002134 seconds.
Native extension for OSXStandalone target not found
Native extension for WebGL target not found
Refreshing native plugins compatible for Editor in 78.71 ms, found 3 plugins.
Preloading 0 native plugins for Editor in 0.00 ms.
Mono: successfully reloaded assembly
- Completed reload, in  2.310 seconds
Domain Reload Profiling:
	ReloadAssembly (2310ms)
		BeginReloadAssembly (62ms)
			ExecutionOrderSort (0ms)
			DisableScriptedObjects (0ms)
			BackupInstance (0ms)
			ReleaseScriptingObjects (0ms)
			CreateAndSetChildDomain (1ms)
		EndReloadAssembly (665ms)
			LoadAssemblies (62ms)
			RebuildTransferFunctionScriptingTraits (0ms)
			SetupTypeCache (292ms)
			ReleaseScriptCaches (0ms)
			RebuildScriptCaches (46ms)
			SetupLoadedEditorAssemblies (248ms)
				LogAssemblyErrors (0ms)
				InitializePlatformSupportModulesInManaged (6ms)
				SetLoadedEditorAssemblies (0ms)
				RefreshPlugins (79ms)
				BeforeProcessingInitializeOnLoad (10ms)
				ProcessInitializeOnLoadAttributes (117ms)
				ProcessInitializeOnLoadMethodAttributes (37ms)
				AfterProcessingInitializeOnLoad (0ms)
				EditorAssembliesLoaded (0ms)
			ExecutionOrderSort2 (0ms)
			AwakeInstancesAfterBackupRestoration (0ms)
Platform modules already initialized, skipping
Registering precompiled user dll's ...
Registered in 0.004798 seconds.
Begin MonoManager ReloadAssembly
Native extension for OSXStandalone target not found
Native extension for WebGL target not found
Refreshing native plugins compatible for Editor in 58.32 ms, found 3 plugins.
Preloading 0 native plugins for Editor in 0.00 ms.
Mono: successfully reloaded assembly
- Completed reload, in  1.333 seconds
Domain Reload Profiling:
	ReloadAssembly (1334ms)
		BeginReloadAssembly (168ms)
			ExecutionOrderSort (0ms)
			DisableScriptedObjects (4ms)
			BackupInstance (0ms)
			ReleaseScriptingObjects (0ms)
			CreateAndSetChildDomain (32ms)
		EndReloadAssembly (1098ms)
			LoadAssemblies (115ms)
			RebuildTransferFunctionScriptingTraits (0ms)
			SetupTypeCache (374ms)
			ReleaseScriptCaches (0ms)
			RebuildScriptCaches (72ms)
			SetupLoadedEditorAssemblies (401ms)
				LogAssemblyErrors (0ms)
				InitializePlatformSupportModulesInManaged (5ms)
				SetLoadedEditorAssemblies (0ms)
				RefreshPlugins (58ms)
				BeforeProcessingInitializeOnLoad (59ms)
				ProcessInitializeOnLoadAttributes (268ms)
				ProcessInitializeOnLoadMethodAttributes (10ms)
				AfterProcessingInitializeOnLoad (1ms)
				EditorAssembliesLoaded (0ms)
			ExecutionOrderSort2 (0ms)
			AwakeInstancesAfterBackupRestoration (9ms)
Platform modules already initialized, skipping
Validating Project structure ... 0.019825 seconds.
Shader import version has changed; will reimport all shaders...
Upgrading shader files ...0.039807 seconds.
Application.AssetDatabase Initial Script Refresh Start
RefreshInfo: InitialScriptRefreshV2(NoUpdateAssetOptions) scanfilter:  ... 1 filters
RefreshProfiler: Total: 0.000ms
Application.AssetDatabase Initial Script Refresh End
Application.AssetDatabase.Refresh Start
Application.AssetDatabase.Refresh End
RefreshInfo: StopAssetImportingV2(ForceSynchronousImport) scanfilter: 
RefreshProfiler: Total: 0.000ms
Launching external process: /Applications/Unity/Hub/Editor/2020.3.19f1/Unity.app/Contents/Tools/UnityShaderCompiler
Launched and connected shader compiler UnityShaderCompiler after 0.01 seconds
Initializing Unity extensions:
========================================================================
Worker process is ready to serve import requests
Refreshing native plugins compatible for Editor in 0.65 ms, found 3 plugins.
Preloading 0 native plugins for Editor in 0.00 ms.
Unloading 2554 Unused Serialized files (Serialized files now loaded: 0)
System memory in use before: 222.9 MB.
System memory in use after: 222.3 MB.

Unloading 233 unused Assets to reduce memory usage. Loaded Objects now: 3016.
Total: 4.175129 ms (FindLiveObjects: 0.277643 ms CreateObjectMapping: 0.110817 ms MarkObjects: 3.233339 ms  DeleteObjects: 0.552517 ms)

AssetImportParameters requested are different than current active one (requested -> active):
  custom:video-decoder-ogg-theora: a1e56fd34408186e4bbccfd4996cb3dc -> 
  custom:container-muxer-webm: aa71ff27fc2769a1b78a27578f13a17b -> 
  custom:container-demuxer-webm: 4f35f7cbe854078d1ac9338744f61a02 -> 
  custom:container-demuxer-ogg: 62fdf1f143b41e24485cea50d1cbac27 -> 
  custom:video-encoder-webm-vp8: eb34c28f22e8b96e1ab97ce403110664 -> 
  custom:framework-osx-AVFoundation: b23960f63f64bdc6ff669e2cdcee2391 -> 
  custom:video-decoder-webm-vp8: 9c59270c3fd7afecdb556c50c9e8de78 -> 
  custom:audio-decoder-ogg-vorbis: bf7c407c2cedff20999df2af8eb42d56 -> 
  custom:audio-encoder-webm-vorbis: bf7c407c2cedff20999df2af8eb42d56 -> 
========================================================================
Received Import Request.
  path: Assets/2DGamekit/Readme.asset
  artifactKey: Guid(83c2ed844a8c74b779a4c823d16594b1) Importer(815301076,1909f56bfc062723c751e8b465ee728b)
Start importing Assets/2DGamekit/Readme.asset using Guid(83c2ed844a8c74b779a4c823d16594b1) Importer(815301076,1909f56bfc062723c751e8b465ee728b)  -> (artifact id: 'd6c7e89498f213c04f7580f79f64ffae') in 0.255270 seconds 
  Import took 0.260040 seconds .

========================================================================
Received Import Request.
  Time since last request: 290.353618 seconds.
  path: Assets/2DGamekit/Scenes
  artifactKey: Guid(2592c7313e4536046898c207f0576ff8) Importer(815301076,1909f56bfc062723c751e8b465ee728b)
Start importing Assets/2DGamekit/Scenes using Guid(2592c7313e4536046898c207f0576ff8) Importer(815301076,1909f56bfc062723c751e8b465ee728b)  -> (artifact id: '8e2eecc31083bfd374c026fef1cc9888') in 0.000915 seconds 
  Import took 0.005352 seconds .

========================================================================
Received Import Request.
  Time since last request: 2.445244 seconds.
  path: Assets/2DGamekit/Scenes/Utilities
  artifactKey: Guid(d2be6fdf7ef4dc8488689e46d83c752c) Importer(815301076,1909f56bfc062723c751e8b465ee728b)
Start importing Assets/2DGamekit/Scenes/Utilities using Guid(d2be6fdf7ef4dc8488689e46d83c752c) Importer(815301076,1909f56bfc062723c751e8b465ee728b)  -> (artifact id: 'cd885d7247e30cc20b3c08704011c572') in 0.000954 seconds 
  Import took 0.005385 seconds .

========================================================================
Received Import Request.
  Time since last request: 1.017516 seconds.
  path: Assets/2DGamekit/Scenes/Utilities/_TemplateScene.unity
  artifactKey: Guid(a47a94a9b3a10394ebf53e953f6fc158) Importer(815301076,1909f56bfc062723c751e8b465ee728b)
Start importing Assets/2DGamekit/Scenes/Utilities/_TemplateScene.unity using Guid(a47a94a9b3a10394ebf53e953f6fc158) Importer(815301076,1909f56bfc062723c751e8b465ee728b)  -> (artifact id: '59888d650b27b5dd1670282930251d4a') in 0.001416 seconds 
  Import took 0.005764 seconds .

========================================================================
Received Import Request.
  Time since last request: 14.505379 seconds.
  path: Assets/2DGamekit/Scenes/Utilities/_TemplateScene.scenetemplate
  artifactKey: Guid(5b9c2fb458d18458f81b97388ba22572) Importer(815301076,1909f56bfc062723c751e8b465ee728b)
Start importing Assets/2DGamekit/Scenes/Utilities/_TemplateScene.scenetemplate using Guid(5b9c2fb458d18458f81b97388ba22572) Importer(815301076,1909f56bfc062723c751e8b465ee728b)  -> (artifact id: '5256e418450e7eb14f675ec11156d0a2') in 0.965440 seconds 
  Import took 1.076068 seconds .

========================================================================
Received Import Request.
  Time since last request: 775.182002 seconds.
  path: Assets/MyScene/BiteEffect.mat
  artifactKey: Guid(2423bf5c78d124637994e6b21350e61a) Importer(815301076,1909f56bfc062723c751e8b465ee728b)
Start importing Assets/MyScene/BiteEffect.mat using Guid(2423bf5c78d124637994e6b21350e61a) Importer(815301076,1909f56bfc062723c751e8b465ee728b)  -> (artifact id: 'd2cdad89234816c5adfdd6ad757849d0') in 0.442656 seconds 
  Import took 0.447908 seconds .

========================================================================
Received Import Request.
  Time since last request: 0.003329 seconds.
  path: Assets/MyScene/DustPuff.prefab
  artifactKey: Guid(0e4f675bacf89415ea3b95602e01a9cc) Importer(815301076,1909f56bfc062723c751e8b465ee728b)
Start importing Assets/MyScene/DustPuff.prefab using Guid(0e4f675bacf89415ea3b95602e01a9cc) Importer(815301076,1909f56bfc062723c751e8b465ee728b)  -> (artifact id: '26a7d52b128c41f21313d793ab8d8776') in 0.235835 seconds 
  Import took 0.240765 seconds .

========================================================================
Received Import Request.
  Time since last request: 0.002941 seconds.
  path: Assets/MyScene/Ellen.prefab
  artifactKey: Guid(bc0aace31f8c44edfbf1e6181ff01cae) Importer(815301076,1909f56bfc062723c751e8b465ee728b)
Start importing Assets/MyScene/Ellen.prefab using Guid(bc0aace31f8c44edfbf1e6181ff01cae) Importer(815301076,1909f56bfc062723c751e8b465ee728b)  -> (artifact id: '5cfd27fb64d1afe89c335f860fc7af7d') in 0.074216 seconds 
  Import took 0.080315 seconds .

========================================================================
Received Import Request.
  Time since last request: 0.000197 seconds.
  path: Assets/MyScene/Bullet.prefab
  artifactKey: Guid(8069750f503b64e4bbd9038615fa7f63) Importer(815301076,1909f56bfc062723c751e8b465ee728b)
Start importing Assets/MyScene/Bullet.prefab using Guid(8069750f503b64e4bbd9038615fa7f63) Importer(815301076,1909f56bfc062723c751e8b465ee728b)  -> (artifact id: 'a0ed3a2c33ae7ad413af8ed3f90aa1c9') in 0.104218 seconds 
  Import took 0.108376 seconds .

========================================================================
Received Import Request.
  Time since last request: 0.000201 seconds.
  path: Assets/MyScene/BulletImpact.mat
  artifactKey: Guid(eef43ba70d4b54f04a78797db9caabd7) Importer(815301076,1909f56bfc062723c751e8b465ee728b)
Start importing Assets/MyScene/BulletImpact.mat using Guid(eef43ba70d4b54f04a78797db9caabd7) Importer(815301076,1909f56bfc062723c751e8b465ee728b)  -> (artifact id: 'ebe046dbcb722960d8088ff7f65926e3') in 0.009750 seconds 
  Import took 0.013917 seconds .

========================================================================
Received Import Request.
  Time since last request: 0.000176 seconds.
  path: Assets/MyScene/ChomperBiteEffect.prefab
  artifactKey: Guid(d36d70e911627452a9179a9d88eb446a) Importer(815301076,1909f56bfc062723c751e8b465ee728b)
Start importing Assets/MyScene/ChomperBiteEffect.prefab using Guid(d36d70e911627452a9179a9d88eb446a) Importer(815301076,1909f56bfc062723c751e8b465ee728b)  -> (artifact id: 'ee73cfe4041d0555ac07947854da25b2') in 0.028220 seconds 
  Import took 0.032624 seconds .

========================================================================
Received Import Request.
  Time since last request: 0.000186 seconds.
  path: Assets/MyScene/BulletImpact.prefab
  artifactKey: Guid(1b198e88084b048a2bed2708565c7c01) Importer(815301076,1909f56bfc062723c751e8b465ee728b)
Start importing Assets/MyScene/BulletImpact.prefab using Guid(1b198e88084b048a2bed2708565c7c01) Importer(815301076,1909f56bfc062723c751e8b465ee728b)  -> (artifact id: 'b78578214972eb4d4ee4622b0e1fe5cc') in 0.012322 seconds 
  Import took 0.016679 seconds .

========================================================================
Received Import Request.
  Time since last request: 0.000168 seconds.
  path: Assets/MyScene/cm_logo_sm.png
  artifactKey: Guid(c6fad379c794f4827afc52880c7466d6) Importer(815301076,1909f56bfc062723c751e8b465ee728b)
Start importing Assets/MyScene/cm_logo_sm.png using Guid(c6fad379c794f4827afc52880c7466d6) Importer(815301076,1909f56bfc062723c751e8b465ee728b)  -> (artifact id: '04680b0ebe53c72f7ae939ed73949b6b') in 0.271719 seconds 
  Import took 0.276555 seconds .

========================================================================
Received Import Request.
  Time since last request: 0.003766 seconds.
  path: Assets/MyScene/Bullet.mat
  artifactKey: Guid(ad0fdfef802c1470e825ae142d553a0e) Importer(815301076,1909f56bfc062723c751e8b465ee728b)
Start importing Assets/MyScene/Bullet.mat using Guid(ad0fdfef802c1470e825ae142d553a0e) Importer(815301076,1909f56bfc062723c751e8b465ee728b)  -> (artifact id: '7ef9bcc15b1bec2cebe697ee86e7aada') in 0.010489 seconds 
  Import took 0.016034 seconds .

========================================================================
Received Import Request.
  Time since last request: 0.000238 seconds.
  path: Assets/MyScene/DustPuff.mat
  artifactKey: Guid(0099b704bafcc4089904345c15866dca) Importer(815301076,1909f56bfc062723c751e8b465ee728b)
Start importing Assets/MyScene/DustPuff.mat using Guid(0099b704bafcc4089904345c15866dca) Importer(815301076,1909f56bfc062723c751e8b465ee728b)  -> (artifact id: '4320ae7dcb007cd3427e67a252aa2593') in 0.027534 seconds 
  Import took 0.033503 seconds .

========================================================================
Received Import Request.
  Time since last request: 0.000265 seconds.
  path: Assets/MyScene/ChomperDie.prefab
  artifactKey: Guid(0edf20c510fa64e6e99337ac2ed01019) Importer(815301076,1909f56bfc062723c751e8b465ee728b)
Start importing Assets/MyScene/ChomperDie.prefab using Guid(0edf20c510fa64e6e99337ac2ed01019) Importer(815301076,1909f56bfc062723c751e8b465ee728b)  -> (artifact id: 'ef513e24c657d86fee9b8798ec26a1ed') in 0.012099 seconds 
  Import took 0.017970 seconds .

========================================================================
Received Prepare
Registering precompiled user dll's ...
Registered in 0.001722 seconds.
Begin MonoManager ReloadAssembly
Native extension for OSXStandalone target not found
Native extension for WebGL target not found
Refreshing native plugins compatible for Editor in 0.63 ms, found 3 plugins.
Preloading 0 native plugins for Editor in 0.00 ms.
Mono: successfully reloaded assembly
- Completed reload, in  1.163 seconds
Domain Reload Profiling:
	ReloadAssembly (1164ms)
		BeginReloadAssembly (137ms)
			ExecutionOrderSort (0ms)
			DisableScriptedObjects (5ms)
			BackupInstance (0ms)
			ReleaseScriptingObjects (0ms)
			CreateAndSetChildDomain (73ms)
		EndReloadAssembly (961ms)
			LoadAssemblies (75ms)
			RebuildTransferFunctionScriptingTraits (0ms)
			SetupTypeCache (347ms)
			ReleaseScriptCaches (1ms)
			RebuildScriptCaches (55ms)
			SetupLoadedEditorAssemblies (340ms)
				LogAssemblyErrors (0ms)
				InitializePlatformSupportModulesInManaged (6ms)
				SetLoadedEditorAssemblies (0ms)
				RefreshPlugins (1ms)
				BeforeProcessingInitializeOnLoad (96ms)
				ProcessInitializeOnLoadAttributes (230ms)
				ProcessInitializeOnLoadMethodAttributes (5ms)
				AfterProcessingInitializeOnLoad (1ms)
				EditorAssembliesLoaded (0ms)
			ExecutionOrderSort2 (0ms)
			AwakeInstancesAfterBackupRestoration (7ms)
Platform modules already initialized, skipping
Refreshing native plugins compatible for Editor in 0.76 ms, found 3 plugins.
Preloading 0 native plugins for Editor in 0.00 ms.
Unloading 2482 Unused Serialized files (Serialized files now loaded: 0)
System memory in use before: 239.5 MB.
System memory in use after: 239.7 MB.

Unloading 16 unused Assets to reduce memory usage. Loaded Objects now: 3071.
Total: 3.728486 ms (FindLiveObjects: 0.285632 ms CreateObjectMapping: 0.130417 ms MarkObjects: 3.289021 ms  DeleteObjects: 0.022450 ms)

AssetImportParameters requested are different than current active one (requested -> active):
  custom:video-decoder-ogg-theora: a1e56fd34408186e4bbccfd4996cb3dc -> 
  custom:container-muxer-webm: aa71ff27fc2769a1b78a27578f13a17b -> 
  custom:container-demuxer-webm: 4f35f7cbe854078d1ac9338744f61a02 -> 
  custom:container-demuxer-ogg: 62fdf1f143b41e24485cea50d1cbac27 -> 
  custom:video-encoder-webm-vp8: eb34c28f22e8b96e1ab97ce403110664 -> 
  custom:framework-osx-AVFoundation: b23960f63f64bdc6ff669e2cdcee2391 -> 
  custom:video-decoder-webm-vp8: 9c59270c3fd7afecdb556c50c9e8de78 -> 
  custom:audio-decoder-ogg-vorbis: bf7c407c2cedff20999df2af8eb42d56 -> 
  custom:audio-encoder-webm-vorbis: bf7c407c2cedff20999df2af8eb42d56 -> 
========================================================================
Received Prepare
Registering precompiled user dll's ...
Registered in 0.001662 seconds.
Begin MonoManager ReloadAssembly
Native extension for OSXStandalone target not found
Native extension for WebGL target not found
Refreshing native plugins compatible for Editor in 0.69 ms, found 3 plugins.
Preloading 0 native plugins for Editor in 0.00 ms.
Mono: successfully reloaded assembly
- Completed reload, in  1.313 seconds
Domain Reload Profiling:
	ReloadAssembly (1313ms)
		BeginReloadAssembly (148ms)
			ExecutionOrderSort (0ms)
			DisableScriptedObjects (6ms)
			BackupInstance (0ms)
			ReleaseScriptingObjects (0ms)
			CreateAndSetChildDomain (70ms)
		EndReloadAssembly (1096ms)
			LoadAssemblies (83ms)
			RebuildTransferFunctionScriptingTraits (0ms)
			SetupTypeCache (392ms)
			ReleaseScriptCaches (1ms)
			RebuildScriptCaches (68ms)
			SetupLoadedEditorAssemblies (363ms)
				LogAssemblyErrors (0ms)
				InitializePlatformSupportModulesInManaged (7ms)
				SetLoadedEditorAssemblies (1ms)
				RefreshPlugins (1ms)
				BeforeProcessingInitializeOnLoad (102ms)
				ProcessInitializeOnLoadAttributes (245ms)
				ProcessInitializeOnLoadMethodAttributes (6ms)
				AfterProcessingInitializeOnLoad (2ms)
				EditorAssembliesLoaded (0ms)
			ExecutionOrderSort2 (0ms)
			AwakeInstancesAfterBackupRestoration (17ms)
Platform modules already initialized, skipping
Refreshing native plugins compatible for Editor in 0.70 ms, found 3 plugins.
Preloading 0 native plugins for Editor in 0.00 ms.
Unloading 2482 Unused Serialized files (Serialized files now loaded: 0)
System memory in use before: 240.5 MB.
System memory in use after: 240.7 MB.

Unloading 15 unused Assets to reduce memory usage. Loaded Objects now: 3084.
Total: 3.626416 ms (FindLiveObjects: 0.261005 ms CreateObjectMapping: 0.113636 ms MarkObjects: 3.236623 ms  DeleteObjects: 0.014235 ms)

AssetImportParameters requested are different than current active one (requested -> active):
  custom:video-decoder-ogg-theora: a1e56fd34408186e4bbccfd4996cb3dc -> 
  custom:container-muxer-webm: aa71ff27fc2769a1b78a27578f13a17b -> 
  custom:container-demuxer-webm: 4f35f7cbe854078d1ac9338744f61a02 -> 
  custom:container-demuxer-ogg: 62fdf1f143b41e24485cea50d1cbac27 -> 
  custom:video-encoder-webm-vp8: eb34c28f22e8b96e1ab97ce403110664 -> 
  custom:framework-osx-AVFoundation: b23960f63f64bdc6ff669e2cdcee2391 -> 
  custom:video-decoder-webm-vp8: 9c59270c3fd7afecdb556c50c9e8de78 -> 
  custom:audio-decoder-ogg-vorbis: bf7c407c2cedff20999df2af8eb42d56 -> 
  custom:audio-encoder-webm-vorbis: bf7c407c2cedff20999df2af8eb42d56 -> 
========================================================================
Received Prepare
Registering precompiled user dll's ...
Registered in 0.001678 seconds.
Begin MonoManager ReloadAssembly
Native extension for OSXStandalone target not found
Native extension for WebGL target not found
Refreshing native plugins compatible for Editor in 0.64 ms, found 3 plugins.
Preloading 0 native plugins for Editor in 0.00 ms.
Mono: successfully reloaded assembly
- Completed reload, in  1.291 seconds
Domain Reload Profiling:
	ReloadAssembly (1291ms)
		BeginReloadAssembly (140ms)
			ExecutionOrderSort (0ms)
			DisableScriptedObjects (6ms)
			BackupInstance (0ms)
			ReleaseScriptingObjects (0ms)
			CreateAndSetChildDomain (72ms)
		EndReloadAssembly (1083ms)
			LoadAssemblies (87ms)
			RebuildTransferFunctionScriptingTraits (0ms)
			SetupTypeCache (424ms)
			ReleaseScriptCaches (1ms)
			RebuildScriptCaches (61ms)
			SetupLoadedEditorAssemblies (352ms)
				LogAssemblyErrors (0ms)
				InitializePlatformSupportModulesInManaged (6ms)
				SetLoadedEditorAssemblies (1ms)
				RefreshPlugins (1ms)
				BeforeProcessingInitializeOnLoad (106ms)
				ProcessInitializeOnLoadAttributes (232ms)
				ProcessInitializeOnLoadMethodAttributes (5ms)
				AfterProcessingInitializeOnLoad (1ms)
				EditorAssembliesLoaded (0ms)
			ExecutionOrderSort2 (0ms)
			AwakeInstancesAfterBackupRestoration (17ms)
Platform modules already initialized, skipping
Refreshing native plugins compatible for Editor in 0.69 ms, found 3 plugins.
Preloading 0 native plugins for Editor in 0.00 ms.
Unloading 2482 Unused Serialized files (Serialized files now loaded: 0)
System memory in use before: 240.7 MB.
System memory in use after: 240.9 MB.

Unloading 15 unused Assets to reduce memory usage. Loaded Objects now: 3097.
Total: 3.654765 ms (FindLiveObjects: 0.307895 ms CreateObjectMapping: 0.144203 ms MarkObjects: 3.186661 ms  DeleteObjects: 0.015145 ms)

AssetImportParameters requested are different than current active one (requested -> active):
  custom:video-decoder-ogg-theora: a1e56fd34408186e4bbccfd4996cb3dc -> 
  custom:container-muxer-webm: aa71ff27fc2769a1b78a27578f13a17b -> 
  custom:container-demuxer-webm: 4f35f7cbe854078d1ac9338744f61a02 -> 
  custom:container-demuxer-ogg: 62fdf1f143b41e24485cea50d1cbac27 -> 
  custom:video-encoder-webm-vp8: eb34c28f22e8b96e1ab97ce403110664 -> 
  custom:framework-osx-AVFoundation: b23960f63f64bdc6ff669e2cdcee2391 -> 
  custom:video-decoder-webm-vp8: 9c59270c3fd7afecdb556c50c9e8de78 -> 
  custom:audio-decoder-ogg-vorbis: bf7c407c2cedff20999df2af8eb42d56 -> 
  custom:audio-encoder-webm-vorbis: bf7c407c2cedff20999df2af8eb42d56 -> 
========================================================================
Received Import Request.
  Time since last request: 450.899768 seconds.
  path: Assets/2DGamekit/Prefabs/Ellen.prefab
  artifactKey: Guid(73360cdb4e1e7ed4897690f9d57fd0eb) Importer(815301076,1909f56bfc062723c751e8b465ee728b)
Start importing Assets/2DGamekit/Prefabs/Ellen.prefab using Guid(73360cdb4e1e7ed4897690f9d57fd0eb) Importer(815301076,1909f56bfc062723c751e8b465ee728b)  -> (artifact id: 'f532bf891d3e665aa6d7ea9b19864b68') in 0.128561 seconds 
  Import took 0.134752 seconds .

========================================================================
Received Import Request.
  Time since last request: 0.000275 seconds.
  path: Assets/2DGamekit/Prefabs/MainCamera.prefab
  artifactKey: Guid(bb0018ce3a8caa643b44f8487c34bd25) Importer(815301076,1909f56bfc062723c751e8b465ee728b)
Start importing Assets/2DGamekit/Prefabs/MainCamera.prefab using Guid(bb0018ce3a8caa643b44f8487c34bd25) Importer(815301076,1909f56bfc062723c751e8b465ee728b)  -> (artifact id: 'a0e1beaf13dd4d26c19d9f493f544825') in 0.016629 seconds 
  Import took 0.020543 seconds .

========================================================================
Received Import Request.
  Time since last request: 25.931500 seconds.
  path: Assets/MyScene/Ellen.prefab
  artifactKey: Guid(bc0aace31f8c44edfbf1e6181ff01cae) Importer(815301076,1909f56bfc062723c751e8b465ee728b)
Start importing Assets/MyScene/Ellen.prefab using Guid(bc0aace31f8c44edfbf1e6181ff01cae) Importer(815301076,1909f56bfc062723c751e8b465ee728b)  -> (artifact id: '4ff1a494046bd8578218bf2d04b9d4c0') in 0.036486 seconds 
  Import took 0.042529 seconds .

========================================================================
Received Prepare
Registering precompiled user dll's ...
Registered in 0.003929 seconds.
Begin MonoManager ReloadAssembly
Native extension for OSXStandalone target not found
Native extension for WebGL target not found
Refreshing native plugins compatible for Editor in 0.66 ms, found 3 plugins.
Preloading 0 native plugins for Editor in 0.00 ms.
Mono: successfully reloaded assembly
- Completed reload, in  1.377 seconds
Domain Reload Profiling:
	ReloadAssembly (1377ms)
		BeginReloadAssembly (151ms)
			ExecutionOrderSort (0ms)
			DisableScriptedObjects (7ms)
			BackupInstance (0ms)
			ReleaseScriptingObjects (0ms)
			CreateAndSetChildDomain (76ms)
		EndReloadAssembly (1152ms)
			LoadAssemblies (85ms)
			RebuildTransferFunctionScriptingTraits (0ms)
			SetupTypeCache (419ms)
			ReleaseScriptCaches (1ms)
			RebuildScriptCaches (67ms)
			SetupLoadedEditorAssemblies (425ms)
				LogAssemblyErrors (0ms)
				InitializePlatformSupportModulesInManaged (6ms)
				SetLoadedEditorAssemblies (0ms)
				RefreshPlugins (1ms)
				BeforeProcessingInitializeOnLoad (114ms)
				ProcessInitializeOnLoadAttributes (297ms)
				ProcessInitializeOnLoadMethodAttributes (6ms)
				AfterProcessingInitializeOnLoad (1ms)
				EditorAssembliesLoaded (0ms)
			ExecutionOrderSort2 (0ms)
			AwakeInstancesAfterBackupRestoration (18ms)
Platform modules already initialized, skipping
Refreshing native plugins compatible for Editor in 0.73 ms, found 3 plugins.
Preloading 0 native plugins for Editor in 0.00 ms.
Unloading 2482 Unused Serialized files (Serialized files now loaded: 0)
System memory in use before: 240.9 MB.
System memory in use after: 241.2 MB.

Unloading 15 unused Assets to reduce memory usage. Loaded Objects now: 3111.
Total: 3.782988 ms (FindLiveObjects: 0.268906 ms CreateObjectMapping: 0.110096 ms MarkObjects: 3.386280 ms  DeleteObjects: 0.016802 ms)

AssetImportParameters requested are different than current active one (requested -> active):
  custom:video-decoder-ogg-theora: a1e56fd34408186e4bbccfd4996cb3dc -> 
  custom:container-muxer-webm: aa71ff27fc2769a1b78a27578f13a17b -> 
  custom:container-demuxer-webm: 4f35f7cbe854078d1ac9338744f61a02 -> 
  custom:container-demuxer-ogg: 62fdf1f143b41e24485cea50d1cbac27 -> 
  custom:video-encoder-webm-vp8: eb34c28f22e8b96e1ab97ce403110664 -> 
  custom:framework-osx-AVFoundation: b23960f63f64bdc6ff669e2cdcee2391 -> 
  custom:video-decoder-webm-vp8: 9c59270c3fd7afecdb556c50c9e8de78 -> 
  custom:audio-decoder-ogg-vorbis: bf7c407c2cedff20999df2af8eb42d56 -> 
  custom:audio-encoder-webm-vorbis: bf7c407c2cedff20999df2af8eb42d56 -> 
========================================================================
Received Prepare
Registering precompiled user dll's ...
Registered in 0.001725 seconds.
Begin MonoManager ReloadAssembly
Native extension for OSXStandalone target not found
Native extension for WebGL target not found
Refreshing native plugins compatible for Editor in 0.63 ms, found 3 plugins.
Preloading 0 native plugins for Editor in 0.00 ms.
Mono: successfully reloaded assembly
- Completed reload, in  1.300 seconds
Domain Reload Profiling:
	ReloadAssembly (1300ms)
		BeginReloadAssembly (148ms)
			ExecutionOrderSort (0ms)
			DisableScriptedObjects (6ms)
			BackupInstance (0ms)
			ReleaseScriptingObjects (0ms)
			CreateAndSetChildDomain (75ms)
		EndReloadAssembly (1071ms)
			LoadAssemblies (94ms)
			RebuildTransferFunctionScriptingTraits (0ms)
			SetupTypeCache (416ms)
			ReleaseScriptCaches (1ms)
			RebuildScriptCaches (54ms)
			SetupLoadedEditorAssemblies (352ms)
				LogAssemblyErrors (0ms)
				InitializePlatformSupportModulesInManaged (6ms)
				SetLoadedEditorAssemblies (0ms)
				RefreshPlugins (1ms)
				BeforeProcessingInitializeOnLoad (96ms)
				ProcessInitializeOnLoadAttributes (241ms)
				ProcessInitializeOnLoadMethodAttributes (6ms)
				AfterProcessingInitializeOnLoad (1ms)
				EditorAssembliesLoaded (0ms)
			ExecutionOrderSort2 (0ms)
			AwakeInstancesAfterBackupRestoration (18ms)
Platform modules already initialized, skipping
Refreshing native plugins compatible for Editor in 0.68 ms, found 3 plugins.
Preloading 0 native plugins for Editor in 0.00 ms.
Unloading 2482 Unused Serialized files (Serialized files now loaded: 0)
System memory in use before: 241.1 MB.
System memory in use after: 241.3 MB.

Unloading 15 unused Assets to reduce memory usage. Loaded Objects now: 3124.
Total: 4.011067 ms (FindLiveObjects: 0.278317 ms CreateObjectMapping: 0.114837 ms MarkObjects: 3.598986 ms  DeleteObjects: 0.017948 ms)

AssetImportParameters requested are different than current active one (requested -> active):
  custom:video-decoder-ogg-theora: a1e56fd34408186e4bbccfd4996cb3dc -> 
  custom:container-muxer-webm: aa71ff27fc2769a1b78a27578f13a17b -> 
  custom:container-demuxer-webm: 4f35f7cbe854078d1ac9338744f61a02 -> 
  custom:container-demuxer-ogg: 62fdf1f143b41e24485cea50d1cbac27 -> 
  custom:video-encoder-webm-vp8: eb34c28f22e8b96e1ab97ce403110664 -> 
  custom:framework-osx-AVFoundation: b23960f63f64bdc6ff669e2cdcee2391 -> 
  custom:video-decoder-webm-vp8: 9c59270c3fd7afecdb556c50c9e8de78 -> 
  custom:audio-decoder-ogg-vorbis: bf7c407c2cedff20999df2af8eb42d56 -> 
  custom:audio-encoder-webm-vorbis: bf7c407c2cedff20999df2af8eb42d56 -> 
========================================================================
Received Prepare
Registering precompiled user dll's ...
Registered in 0.001709 seconds.
Begin MonoManager ReloadAssembly
Native extension for OSXStandalone target not found
Native extension for WebGL target not found
Refreshing native plugins compatible for Editor in 0.65 ms, found 3 plugins.
Preloading 0 native plugins for Editor in 0.00 ms.
Mono: successfully reloaded assembly
- Completed reload, in  1.184 seconds
Domain Reload Profiling:
	ReloadAssembly (1184ms)
		BeginReloadAssembly (127ms)
			ExecutionOrderSort (0ms)
			DisableScriptedObjects (6ms)
			BackupInstance (0ms)
			ReleaseScriptingObjects (0ms)
			CreateAndSetChildDomain (64ms)
		EndReloadAssembly (990ms)
			LoadAssemblies (78ms)
			RebuildTransferFunctionScriptingTraits (0ms)
			SetupTypeCache (363ms)
			ReleaseScriptCaches (1ms)
			RebuildScriptCaches (58ms)
			SetupLoadedEditorAssemblies (335ms)
				LogAssemblyErrors (0ms)
				InitializePlatformSupportModulesInManaged (6ms)
				SetLoadedEditorAssemblies (0ms)
				RefreshPlugins (1ms)
				BeforeProcessingInitializeOnLoad (98ms)
				ProcessInitializeOnLoadAttributes (224ms)
				ProcessInitializeOnLoadMethodAttributes (5ms)
				AfterProcessingInitializeOnLoad (1ms)
				EditorAssembliesLoaded (0ms)
			ExecutionOrderSort2 (0ms)
			AwakeInstancesAfterBackupRestoration (15ms)
Platform modules already initialized, skipping
Refreshing native plugins compatible for Editor in 0.74 ms, found 3 plugins.
Preloading 0 native plugins for Editor in 0.00 ms.
Unloading 2482 Unused Serialized files (Serialized files now loaded: 0)
System memory in use before: 241.4 MB.
System memory in use after: 241.6 MB.

Unloading 15 unused Assets to reduce memory usage. Loaded Objects now: 3137.
Total: 3.647126 ms (FindLiveObjects: 0.275721 ms CreateObjectMapping: 0.120538 ms MarkObjects: 3.233841 ms  DeleteObjects: 0.016206 ms)

AssetImportParameters requested are different than current active one (requested -> active):
  custom:video-decoder-ogg-theora: a1e56fd34408186e4bbccfd4996cb3dc -> 
  custom:container-muxer-webm: aa71ff27fc2769a1b78a27578f13a17b -> 
  custom:container-demuxer-webm: 4f35f7cbe854078d1ac9338744f61a02 -> 
  custom:container-demuxer-ogg: 62fdf1f143b41e24485cea50d1cbac27 -> 
  custom:video-encoder-webm-vp8: eb34c28f22e8b96e1ab97ce403110664 -> 
  custom:framework-osx-AVFoundation: b23960f63f64bdc6ff669e2cdcee2391 -> 
  custom:video-decoder-webm-vp8: 9c59270c3fd7afecdb556c50c9e8de78 -> 
  custom:audio-decoder-ogg-vorbis: bf7c407c2cedff20999df2af8eb42d56 -> 
  custom:audio-encoder-webm-vorbis: bf7c407c2cedff20999df2af8eb42d56 -> 
========================================================================
Received Prepare
Registering precompiled user dll's ...
Registered in 0.001895 seconds.
Begin MonoManager ReloadAssembly
Native extension for OSXStandalone target not found
Native extension for WebGL target not found
Refreshing native plugins compatible for Editor in 0.66 ms, found 3 plugins.
Preloading 0 native plugins for Editor in 0.00 ms.
Mono: successfully reloaded assembly
- Completed reload, in  1.272 seconds
Domain Reload Profiling:
	ReloadAssembly (1272ms)
		BeginReloadAssembly (142ms)
			ExecutionOrderSort (0ms)
			DisableScriptedObjects (6ms)
			BackupInstance (0ms)
			ReleaseScriptingObjects (0ms)
			CreateAndSetChildDomain (72ms)
		EndReloadAssembly (1050ms)
			LoadAssemblies (84ms)
			RebuildTransferFunctionScriptingTraits (0ms)
			SetupTypeCache (400ms)
			ReleaseScriptCaches (1ms)
			RebuildScriptCaches (68ms)
			SetupLoadedEditorAssemblies (335ms)
				LogAssemblyErrors (0ms)
				InitializePlatformSupportModulesInManaged (5ms)
				SetLoadedEditorAssemblies (0ms)
				RefreshPlugins (1ms)
				BeforeProcessingInitializeOnLoad (97ms)
				ProcessInitializeOnLoadAttributes (225ms)
				ProcessInitializeOnLoadMethodAttributes (5ms)
				AfterProcessingInitializeOnLoad (1ms)
				EditorAssembliesLoaded (0ms)
			ExecutionOrderSort2 (0ms)
			AwakeInstancesAfterBackupRestoration (15ms)
Platform modules already initialized, skipping
Refreshing native plugins compatible for Editor in 0.66 ms, found 3 plugins.
Preloading 0 native plugins for Editor in 0.00 ms.
Unloading 2482 Unused Serialized files (Serialized files now loaded: 0)
System memory in use before: 241.6 MB.
System memory in use after: 241.9 MB.

Unloading 15 unused Assets to reduce memory usage. Loaded Objects now: 3150.
Total: 3.619672 ms (FindLiveObjects: 0.286566 ms CreateObjectMapping: 0.125072 ms MarkObjects: 3.192053 ms  DeleteObjects: 0.015033 ms)

AssetImportParameters requested are different than current active one (requested -> active):
  custom:video-decoder-ogg-theora: a1e56fd34408186e4bbccfd4996cb3dc -> 
  custom:container-muxer-webm: aa71ff27fc2769a1b78a27578f13a17b -> 
  custom:container-demuxer-webm: 4f35f7cbe854078d1ac9338744f61a02 -> 
  custom:container-demuxer-ogg: 62fdf1f143b41e24485cea50d1cbac27 -> 
  custom:video-encoder-webm-vp8: eb34c28f22e8b96e1ab97ce403110664 -> 
  custom:framework-osx-AVFoundation: b23960f63f64bdc6ff669e2cdcee2391 -> 
  custom:video-decoder-webm-vp8: 9c59270c3fd7afecdb556c50c9e8de78 -> 
  custom:audio-decoder-ogg-vorbis: bf7c407c2cedff20999df2af8eb42d56 -> 
  custom:audio-encoder-webm-vorbis: bf7c407c2cedff20999df2af8eb42d56 -> 
========================================================================
Received Prepare
Registering precompiled user dll's ...
Registered in 0.001652 seconds.
Begin MonoManager ReloadAssembly
Native extension for OSXStandalone target not found
Native extension for WebGL target not found
Refreshing native plugins compatible for Editor in 0.70 ms, found 3 plugins.
Preloading 0 native plugins for Editor in 0.00 ms.
Mono: successfully reloaded assembly
- Completed reload, in  1.226 seconds
Domain Reload Profiling:
	ReloadAssembly (1226ms)
		BeginReloadAssembly (154ms)
			ExecutionOrderSort (0ms)
			DisableScriptedObjects (7ms)
			BackupInstance (0ms)
			ReleaseScriptingObjects (0ms)
			CreateAndSetChildDomain (79ms)
		EndReloadAssembly (1003ms)
			LoadAssemblies (87ms)
			RebuildTransferFunctionScriptingTraits (0ms)
			SetupTypeCache (368ms)
			ReleaseScriptCaches (1ms)
			RebuildScriptCaches (58ms)
			SetupLoadedEditorAssemblies (341ms)
				LogAssemblyErrors (0ms)
				InitializePlatformSupportModulesInManaged (6ms)
				SetLoadedEditorAssemblies (0ms)
				RefreshPlugins (1ms)
				BeforeProcessingInitializeOnLoad (97ms)
				ProcessInitializeOnLoadAttributes (230ms)
				ProcessInitializeOnLoadMethodAttributes (5ms)
				AfterProcessingInitializeOnLoad (1ms)
				EditorAssembliesLoaded (0ms)
			ExecutionOrderSort2 (0ms)
			AwakeInstancesAfterBackupRestoration (16ms)
Platform modules already initialized, skipping
Refreshing native plugins compatible for Editor in 0.66 ms, found 3 plugins.
Preloading 0 native plugins for Editor in 0.00 ms.
Unloading 2482 Unused Serialized files (Serialized files now loaded: 0)
System memory in use before: 241.9 MB.
System memory in use after: 242.1 MB.

Unloading 15 unused Assets to reduce memory usage. Loaded Objects now: 3163.
Total: 3.638945 ms (FindLiveObjects: 0.274248 ms CreateObjectMapping: 0.112842 ms MarkObjects: 3.236248 ms  DeleteObjects: 0.014819 ms)

AssetImportParameters requested are different than current active one (requested -> active):
  custom:video-decoder-ogg-theora: a1e56fd34408186e4bbccfd4996cb3dc -> 
  custom:container-muxer-webm: aa71ff27fc2769a1b78a27578f13a17b -> 
  custom:container-demuxer-webm: 4f35f7cbe854078d1ac9338744f61a02 -> 
  custom:container-demuxer-ogg: 62fdf1f143b41e24485cea50d1cbac27 -> 
  custom:video-encoder-webm-vp8: eb34c28f22e8b96e1ab97ce403110664 -> 
  custom:framework-osx-AVFoundation: b23960f63f64bdc6ff669e2cdcee2391 -> 
  custom:video-decoder-webm-vp8: 9c59270c3fd7afecdb556c50c9e8de78 -> 
  custom:audio-decoder-ogg-vorbis: bf7c407c2cedff20999df2af8eb42d56 -> 
  custom:audio-encoder-webm-vorbis: bf7c407c2cedff20999df2af8eb42d56 -> 
========================================================================
Received Prepare
Registering precompiled user dll's ...
Registered in 0.001838 seconds.
Begin MonoManager ReloadAssembly
Native extension for OSXStandalone target not found
Native extension for WebGL target not found
Refreshing native plugins compatible for Editor in 0.63 ms, found 3 plugins.
Preloading 0 native plugins for Editor in 0.00 ms.
Mono: successfully reloaded assembly
- Completed reload, in  1.327 seconds
Domain Reload Profiling:
	ReloadAssembly (1328ms)
		BeginReloadAssembly (152ms)
			ExecutionOrderSort (0ms)
			DisableScriptedObjects (7ms)
			BackupInstance (0ms)
			ReleaseScriptingObjects (0ms)
			CreateAndSetChildDomain (77ms)
		EndReloadAssembly (1107ms)
			LoadAssemblies (84ms)
			RebuildTransferFunctionScriptingTraits (0ms)
			SetupTypeCache (403ms)
			ReleaseScriptCaches (1ms)
			RebuildScriptCaches (69ms)
			SetupLoadedEditorAssemblies (384ms)
				LogAssemblyErrors (0ms)
				InitializePlatformSupportModulesInManaged (6ms)
				SetLoadedEditorAssemblies (0ms)
				RefreshPlugins (1ms)
				BeforeProcessingInitializeOnLoad (109ms)
				ProcessInitializeOnLoadAttributes (260ms)
				ProcessInitializeOnLoadMethodAttributes (6ms)
				AfterProcessingInitializeOnLoad (1ms)
				EditorAssembliesLoaded (0ms)
			ExecutionOrderSort2 (0ms)
			AwakeInstancesAfterBackupRestoration (19ms)
Platform modules already initialized, skipping
Refreshing native plugins compatible for Editor in 0.70 ms, found 3 plugins.
Preloading 0 native plugins for Editor in 0.00 ms.
Unloading 2482 Unused Serialized files (Serialized files now loaded: 0)
System memory in use before: 242.1 MB.
System memory in use after: 242.3 MB.

Unloading 15 unused Assets to reduce memory usage. Loaded Objects now: 3176.
Total: 3.700694 ms (FindLiveObjects: 0.270693 ms CreateObjectMapping: 0.116789 ms MarkObjects: 3.296530 ms  DeleteObjects: 0.015859 ms)

AssetImportParameters requested are different than current active one (requested -> active):
  custom:video-decoder-ogg-theora: a1e56fd34408186e4bbccfd4996cb3dc -> 
  custom:container-muxer-webm: aa71ff27fc2769a1b78a27578f13a17b -> 
  custom:container-demuxer-webm: 4f35f7cbe854078d1ac9338744f61a02 -> 
  custom:container-demuxer-ogg: 62fdf1f143b41e24485cea50d1cbac27 -> 
  custom:video-encoder-webm-vp8: eb34c28f22e8b96e1ab97ce403110664 -> 
  custom:framework-osx-AVFoundation: b23960f63f64bdc6ff669e2cdcee2391 -> 
  custom:video-decoder-webm-vp8: 9c59270c3fd7afecdb556c50c9e8de78 -> 
  custom:audio-decoder-ogg-vorbis: bf7c407c2cedff20999df2af8eb42d56 -> 
  custom:audio-encoder-webm-vorbis: bf7c407c2cedff20999df2af8eb42d56 -> 
========================================================================
Received Prepare
Registering precompiled user dll's ...
Registered in 0.001691 seconds.
Begin MonoManager ReloadAssembly
Native extension for OSXStandalone target not found
Native extension for WebGL target not found
Refreshing native plugins compatible for Editor in 0.81 ms, found 3 plugins.
Preloading 0 native plugins for Editor in 0.00 ms.
Mono: successfully reloaded assembly
- Completed reload, in  1.342 seconds
Domain Reload Profiling:
	ReloadAssembly (1342ms)
		BeginReloadAssembly (143ms)
			ExecutionOrderSort (0ms)
			DisableScriptedObjects (6ms)
			BackupInstance (0ms)
			ReleaseScriptingObjects (0ms)
			CreateAndSetChildDomain (72ms)
		EndReloadAssembly (1119ms)
			LoadAssemblies (93ms)
			RebuildTransferFunctionScriptingTraits (0ms)
			SetupTypeCache (431ms)
			ReleaseScriptCaches (1ms)
			RebuildScriptCaches (68ms)
			SetupLoadedEditorAssemblies (362ms)
				LogAssemblyErrors (0ms)
				InitializePlatformSupportModulesInManaged (6ms)
				SetLoadedEditorAssemblies (1ms)
				RefreshPlugins (1ms)
				BeforeProcessingInitializeOnLoad (111ms)
				ProcessInitializeOnLoadAttributes (236ms)
				ProcessInitializeOnLoadMethodAttributes (5ms)
				AfterProcessingInitializeOnLoad (1ms)
				EditorAssembliesLoaded (0ms)
			ExecutionOrderSort2 (0ms)
			AwakeInstancesAfterBackupRestoration (18ms)
Platform modules already initialized, skipping
Refreshing native plugins compatible for Editor in 0.72 ms, found 3 plugins.
Preloading 0 native plugins for Editor in 0.00 ms.
Unloading 2482 Unused Serialized files (Serialized files now loaded: 0)
System memory in use before: 242.3 MB.
System memory in use after: 242.5 MB.

Unloading 15 unused Assets to reduce memory usage. Loaded Objects now: 3189.
Total: 3.738617 ms (FindLiveObjects: 0.270773 ms CreateObjectMapping: 0.114970 ms MarkObjects: 3.335721 ms  DeleteObjects: 0.016317 ms)

AssetImportParameters requested are different than current active one (requested -> active):
  custom:video-decoder-ogg-theora: a1e56fd34408186e4bbccfd4996cb3dc -> 
  custom:container-muxer-webm: aa71ff27fc2769a1b78a27578f13a17b -> 
  custom:container-demuxer-webm: 4f35f7cbe854078d1ac9338744f61a02 -> 
  custom:container-demuxer-ogg: 62fdf1f143b41e24485cea50d1cbac27 -> 
  custom:video-encoder-webm-vp8: eb34c28f22e8b96e1ab97ce403110664 -> 
  custom:framework-osx-AVFoundation: b23960f63f64bdc6ff669e2cdcee2391 -> 
  custom:video-decoder-webm-vp8: 9c59270c3fd7afecdb556c50c9e8de78 -> 
  custom:audio-decoder-ogg-vorbis: bf7c407c2cedff20999df2af8eb42d56 -> 
  custom:audio-encoder-webm-vorbis: bf7c407c2cedff20999df2af8eb42d56 -> 
========================================================================
Received Prepare
Registering precompiled user dll's ...
Registered in 0.001779 seconds.
Begin MonoManager ReloadAssembly
Native extension for OSXStandalone target not found
Native extension for WebGL target not found
Refreshing native plugins compatible for Editor in 0.70 ms, found 3 plugins.
Preloading 0 native plugins for Editor in 0.00 ms.
Mono: successfully reloaded assembly
- Completed reload, in  1.297 seconds
Domain Reload Profiling:
	ReloadAssembly (1297ms)
		BeginReloadAssembly (149ms)
			ExecutionOrderSort (0ms)
			DisableScriptedObjects (6ms)
			BackupInstance (0ms)
			ReleaseScriptingObjects (0ms)
			CreateAndSetChildDomain (76ms)
		EndReloadAssembly (1080ms)
			LoadAssemblies (84ms)
			RebuildTransferFunctionScriptingTraits (0ms)
			SetupTypeCache (383ms)
			ReleaseScriptCaches (1ms)
			RebuildScriptCaches (68ms)
			SetupLoadedEditorAssemblies (382ms)
				LogAssemblyErrors (0ms)
				InitializePlatformSupportModulesInManaged (6ms)
				SetLoadedEditorAssemblies (0ms)
				RefreshPlugins (1ms)
				BeforeProcessingInitializeOnLoad (114ms)
				ProcessInitializeOnLoadAttributes (254ms)
				ProcessInitializeOnLoadMethodAttributes (6ms)
				AfterProcessingInitializeOnLoad (1ms)
				EditorAssembliesLoaded (0ms)
			ExecutionOrderSort2 (0ms)
			AwakeInstancesAfterBackupRestoration (19ms)
Platform modules already initialized, skipping
Refreshing native plugins compatible for Editor in 0.70 ms, found 3 plugins.
Preloading 0 native plugins for Editor in 0.00 ms.
Unloading 2482 Unused Serialized files (Serialized files now loaded: 0)
System memory in use before: 242.5 MB.
System memory in use after: 242.7 MB.

Unloading 15 unused Assets to reduce memory usage. Loaded Objects now: 3202.
Total: 3.799914 ms (FindLiveObjects: 0.308520 ms CreateObjectMapping: 0.141265 ms MarkObjects: 3.333655 ms  DeleteObjects: 0.015324 ms)

AssetImportParameters requested are different than current active one (requested -> active):
  custom:video-decoder-ogg-theora: a1e56fd34408186e4bbccfd4996cb3dc -> 
  custom:container-muxer-webm: aa71ff27fc2769a1b78a27578f13a17b -> 
  custom:container-demuxer-webm: 4f35f7cbe854078d1ac9338744f61a02 -> 
  custom:container-demuxer-ogg: 62fdf1f143b41e24485cea50d1cbac27 -> 
  custom:video-encoder-webm-vp8: eb34c28f22e8b96e1ab97ce403110664 -> 
  custom:framework-osx-AVFoundation: b23960f63f64bdc6ff669e2cdcee2391 -> 
  custom:video-decoder-webm-vp8: 9c59270c3fd7afecdb556c50c9e8de78 -> 
  custom:audio-decoder-ogg-vorbis: bf7c407c2cedff20999df2af8eb42d56 -> 
  custom:audio-encoder-webm-vorbis: bf7c407c2cedff20999df2af8eb42d56 -> 
========================================================================
Received Prepare
Registering precompiled user dll's ...
Registered in 0.003014 seconds.
Begin MonoManager ReloadAssembly
Native extension for OSXStandalone target not found
Native extension for WebGL target not found
Refreshing native plugins compatible for Editor in 0.64 ms, found 3 plugins.
Preloading 0 native plugins for Editor in 0.00 ms.
Mono: successfully reloaded assembly
- Completed reload, in  1.321 seconds
Domain Reload Profiling:
	ReloadAssembly (1321ms)
		BeginReloadAssembly (143ms)
			ExecutionOrderSort (0ms)
			DisableScriptedObjects (7ms)
			BackupInstance (0ms)
			ReleaseScriptingObjects (0ms)
			CreateAndSetChildDomain (72ms)
		EndReloadAssembly (1099ms)
			LoadAssemblies (91ms)
			RebuildTransferFunctionScriptingTraits (0ms)
			SetupTypeCache (435ms)
			ReleaseScriptCaches (1ms)
			RebuildScriptCaches (64ms)
			SetupLoadedEditorAssemblies (349ms)
				LogAssemblyErrors (0ms)
				InitializePlatformSupportModulesInManaged (6ms)
				SetLoadedEditorAssemblies (0ms)
				RefreshPlugins (1ms)
				BeforeProcessingInitializeOnLoad (96ms)
				ProcessInitializeOnLoadAttributes (239ms)
				ProcessInitializeOnLoadMethodAttributes (6ms)
				AfterProcessingInitializeOnLoad (1ms)
				EditorAssembliesLoaded (0ms)
			ExecutionOrderSort2 (0ms)
			AwakeInstancesAfterBackupRestoration (18ms)
Platform modules already initialized, skipping
Refreshing native plugins compatible for Editor in 0.74 ms, found 3 plugins.
Preloading 0 native plugins for Editor in 0.00 ms.
Unloading 2482 Unused Serialized files (Serialized files now loaded: 0)
System memory in use before: 242.8 MB.
System memory in use after: 243.0 MB.

Unloading 15 unused Assets to reduce memory usage. Loaded Objects now: 3215.
Total: 3.746031 ms (FindLiveObjects: 0.298269 ms CreateObjectMapping: 0.128764 ms MarkObjects: 3.303477 ms  DeleteObjects: 0.014650 ms)

AssetImportParameters requested are different than current active one (requested -> active):
  custom:video-decoder-ogg-theora: a1e56fd34408186e4bbccfd4996cb3dc -> 
  custom:container-muxer-webm: aa71ff27fc2769a1b78a27578f13a17b -> 
  custom:container-demuxer-webm: 4f35f7cbe854078d1ac9338744f61a02 -> 
  custom:container-demuxer-ogg: 62fdf1f143b41e24485cea50d1cbac27 -> 
  custom:video-encoder-webm-vp8: eb34c28f22e8b96e1ab97ce403110664 -> 
  custom:framework-osx-AVFoundation: b23960f63f64bdc6ff669e2cdcee2391 -> 
  custom:video-decoder-webm-vp8: 9c59270c3fd7afecdb556c50c9e8de78 -> 
  custom:audio-decoder-ogg-vorbis: bf7c407c2cedff20999df2af8eb42d56 -> 
  custom:audio-encoder-webm-vorbis: bf7c407c2cedff20999df2af8eb42d56 -> 
========================================================================
Received Import Request.
  Time since last request: 608.349241 seconds.
  path: Assets/2DGamekit/Art/Materials
  artifactKey: Guid(5ea5aa482b63d3b40a5b08fe009e95d3) Importer(815301076,1909f56bfc062723c751e8b465ee728b)
Start importing Assets/2DGamekit/Art/Materials using Guid(5ea5aa482b63d3b40a5b08fe009e95d3) Importer(815301076,1909f56bfc062723c751e8b465ee728b)  -> (artifact id: '3d047ecd45f23dfb59702a7cf7761135') in 0.005395 seconds 
  Import took 0.010372 seconds .

========================================================================
Received Import Request.
  Time since last request: 1.026732 seconds.
  path: Assets/2DGamekit/Art/Sprites
  artifactKey: Guid(c78a2ecee0dd9e34f9dd36e8d53c67cd) Importer(815301076,1909f56bfc062723c751e8b465ee728b)
Start importing Assets/2DGamekit/Art/Sprites using Guid(c78a2ecee0dd9e34f9dd36e8d53c67cd) Importer(815301076,1909f56bfc062723c751e8b465ee728b)  -> (artifact id: '71b0780c5b64d308e74ceb60067c1539') in 0.002015 seconds 
  Import took 0.007103 seconds .

========================================================================
Received Import Request.
  Time since last request: 3.487478 seconds.
  path: Assets/2DGamekit/Art/Sprites/Environment
  artifactKey: Guid(deda0c456a5467646ad18a772ad86198) Importer(815301076,1909f56bfc062723c751e8b465ee728b)
Start importing Assets/2DGamekit/Art/Sprites/Environment using Guid(deda0c456a5467646ad18a772ad86198) Importer(815301076,1909f56bfc062723c751e8b465ee728b)  -> (artifact id: '365c1594348ecfccec9b1dd4bd4bb57e') in 0.001998 seconds 
  Import took 0.006433 seconds .

========================================================================
Received Import Request.
  Time since last request: 0.109094 seconds.
  path: Assets/2DGamekit/Art/Sprites/Environment/Alcove.png
  artifactKey: Guid(aac9a30c9c349534990e2d84f22e7b28) Importer(815301076,1909f56bfc062723c751e8b465ee728b)
Start importing Assets/2DGamekit/Art/Sprites/Environment/Alcove.png using Guid(aac9a30c9c349534990e2d84f22e7b28) Importer(815301076,1909f56bfc062723c751e8b465ee728b)  -> (artifact id: 'c2bc45c15458a16f349c92c805b73475') in 0.071155 seconds 
  Import took 0.076172 seconds .

========================================================================
Received Import Request.
  Time since last request: 0.000297 seconds.
  path: Assets/2DGamekit/Art/Sprites/Environment/Stomper.png
  artifactKey: Guid(5b1b4c6a322b7384c86770187e0fae10) Importer(815301076,1909f56bfc062723c751e8b465ee728b)
Start importing Assets/2DGamekit/Art/Sprites/Environment/Stomper.png using Guid(5b1b4c6a322b7384c86770187e0fae10) Importer(815301076,1909f56bfc062723c751e8b465ee728b)  -> (artifact id: '24269d9a83b7b299c3df52a1f32244b5') in 0.027326 seconds 
  Import took 0.031798 seconds .

========================================================================
Received Import Request.
  Time since last request: 0.000212 seconds.
  path: Assets/2DGamekit/Art/Sprites/Environment/StonesNormal.png
  artifactKey: Guid(ee492e7bbdc1cd247ab2e6527436bdb9) Importer(815301076,1909f56bfc062723c751e8b465ee728b)
Start importing Assets/2DGamekit/Art/Sprites/Environment/StonesNormal.png using Guid(ee492e7bbdc1cd247ab2e6527436bdb9) Importer(815301076,1909f56bfc062723c751e8b465ee728b)  -> (artifact id: 'e5ded3fcff4633742e9458116ec39bec') in 0.023322 seconds 
  Import took 0.028058 seconds .

========================================================================
Received Import Request.
  Time since last request: 0.000188 seconds.
  path: Assets/2DGamekit/Art/Sprites/Environment/Spiderwebs.png
  artifactKey: Guid(8a054d1ecee1b154eab5cf67c3d481e6) Importer(815301076,1909f56bfc062723c751e8b465ee728b)
Start importing Assets/2DGamekit/Art/Sprites/Environment/Spiderwebs.png using Guid(8a054d1ecee1b154eab5cf67c3d481e6) Importer(815301076,1909f56bfc062723c751e8b465ee728b)  -> (artifact id: '2117e22adc96b06555ecd2eec6e7685a') in 0.047654 seconds 
  Import took 0.052168 seconds .

========================================================================
Received Import Request.
  Time since last request: 0.000220 seconds.
  path: Assets/2DGamekit/Art/Sprites/Environment/BGPlants.png
  artifactKey: Guid(776d10e19ab11c44a8271fc18a42ab83) Importer(815301076,1909f56bfc062723c751e8b465ee728b)
Start importing Assets/2DGamekit/Art/Sprites/Environment/BGPlants.png using Guid(776d10e19ab11c44a8271fc18a42ab83) Importer(815301076,1909f56bfc062723c751e8b465ee728b)  -> (artifact id: '912b96b9f8563b056e9b34b3903592a1') in 0.085042 seconds 
  Import took 0.090152 seconds .

========================================================================
Received Import Request.
  Time since last request: 0.000239 seconds.
  path: Assets/2DGamekit/Art/Sprites/Environment/BGRock01.png
  artifactKey: Guid(993c10c45f6b25e4c9b51f192b34fa12) Importer(815301076,1909f56bfc062723c751e8b465ee728b)
Start importing Assets/2DGamekit/Art/Sprites/Environment/BGRock01.png using Guid(993c10c45f6b25e4c9b51f192b34fa12) Importer(815301076,1909f56bfc062723c751e8b465ee728b)  -> (artifact id: 'a4e545b9a508e0a2af620738528f2041') in 0.012105 seconds 
  Import took 0.016619 seconds .

========================================================================
Received Import Request.
  Time since last request: 0.000227 seconds.
  path: Assets/2DGamekit/Art/Sprites/Environment/BGRock03.png
  artifactKey: Guid(5222c5dbe44c8494da11d0cdcf795f18) Importer(815301076,1909f56bfc062723c751e8b465ee728b)
Start importing Assets/2DGamekit/Art/Sprites/Environment/BGRock03.png using Guid(5222c5dbe44c8494da11d0cdcf795f18) Importer(815301076,1909f56bfc062723c751e8b465ee728b)  -> (artifact id: '215dd8b3f298d88948a054a133ac5827') in 0.040657 seconds 
  Import took 0.045206 seconds .

========================================================================
Received Import Request.
  Time since last request: 0.000202 seconds.
  path: Assets/2DGamekit/Art/Sprites/Environment/AlienStatue02.png
  artifactKey: Guid(faafa9f154d9ab24a83b389ff29572b5) Importer(815301076,1909f56bfc062723c751e8b465ee728b)
Start importing Assets/2DGamekit/Art/Sprites/Environment/AlienStatue02.png using Guid(faafa9f154d9ab24a83b389ff29572b5) Importer(815301076,1909f56bfc062723c751e8b465ee728b)  -> (artifact id: '87428de6cb104de364cb930e0946d33f') in 0.015355 seconds 
  Import took 0.019834 seconds .

========================================================================
Received Import Request.
  Time since last request: 0.000208 seconds.
  path: Assets/2DGamekit/Art/Sprites/Environment/AproachingWallPattern.png
  artifactKey: Guid(eb4fe75c66482e849abe326d94453aed) Importer(815301076,1909f56bfc062723c751e8b465ee728b)
Start importing Assets/2DGamekit/Art/Sprites/Environment/AproachingWallPattern.png using Guid(eb4fe75c66482e849abe326d94453aed) Importer(815301076,1909f56bfc062723c751e8b465ee728b)  -> (artifact id: '76bdfa9c43f2e636e25583eb38ff0cd4') in 0.020414 seconds 
  Import took 0.025713 seconds .

========================================================================
Received Import Request.
  Time since last request: 0.000289 seconds.
  path: Assets/2DGamekit/Art/Sprites/Environment/Clouds.png
  artifactKey: Guid(76465a0a33addfa4686beca3ade8fc17) Importer(815301076,1909f56bfc062723c751e8b465ee728b)
Start importing Assets/2DGamekit/Art/Sprites/Environment/Clouds.png using Guid(76465a0a33addfa4686beca3ade8fc17) Importer(815301076,1909f56bfc062723c751e8b465ee728b)  -> (artifact id: '7bb8883432bf5e6cfd649955a04231b8') in 0.058476 seconds 
  Import took 0.065797 seconds .

========================================================================
Received Import Request.
  Time since last request: 0.000215 seconds.
  path: Assets/2DGamekit/Art/Sprites/Environment/AlienBlock03.png
  artifactKey: Guid(ca5192f854a90464882497f5fd74cd6f) Importer(815301076,1909f56bfc062723c751e8b465ee728b)
Start importing Assets/2DGamekit/Art/Sprites/Environment/AlienBlock03.png using Guid(ca5192f854a90464882497f5fd74cd6f) Importer(815301076,1909f56bfc062723c751e8b465ee728b)  -> (artifact id: '56d6d593c3b97f5f20dc4c76f968b44d') in 0.012928 seconds 
  Import took 0.017514 seconds .

========================================================================
Received Import Request.
  Time since last request: 0.000194 seconds.
  path: Assets/2DGamekit/Art/Sprites/Environment/DropshipNormal.png
  artifactKey: Guid(a5281d59b9115324985b9d52e114cf39) Importer(815301076,1909f56bfc062723c751e8b465ee728b)
Start importing Assets/2DGamekit/Art/Sprites/Environment/DropshipNormal.png using Guid(a5281d59b9115324985b9d52e114cf39) Importer(815301076,1909f56bfc062723c751e8b465ee728b)  -> (artifact id: 'd25c03ce82e3c1508eb32ce7c3e1adea') in 0.012273 seconds 
  Import took 0.017454 seconds .

========================================================================
Received Import Request.
  Time since last request: 0.000273 seconds.
  path: Assets/2DGamekit/Art/Sprites/Environment/AlienSculpture02.png
  artifactKey: Guid(919a7cf0955fefa4bae70cbb6fe2b6da) Importer(815301076,1909f56bfc062723c751e8b465ee728b)
Start importing Assets/2DGamekit/Art/Sprites/Environment/AlienSculpture02.png using Guid(919a7cf0955fefa4bae70cbb6fe2b6da) Importer(815301076,1909f56bfc062723c751e8b465ee728b)  -> (artifact id: 'e652f6014847379a925b397578a21e1f') in 0.013659 seconds 
  Import took 0.019517 seconds .

========================================================================
Received Import Request.
  Time since last request: 0.000198 seconds.
  path: Assets/2DGamekit/Art/Sprites/Environment/Stomper02.png
  artifactKey: Guid(582488cb3c7706445868227da7f9fe68) Importer(815301076,1909f56bfc062723c751e8b465ee728b)
Start importing Assets/2DGamekit/Art/Sprites/Environment/Stomper02.png using Guid(582488cb3c7706445868227da7f9fe68) Importer(815301076,1909f56bfc062723c751e8b465ee728b)  -> (artifact id: 'e224bb5e0fa67b768a8cd2f7683903be') in 0.013992 seconds 
  Import took 0.018400 seconds .

========================================================================
Received Import Request.
  Time since last request: 0.000196 seconds.
  path: Assets/2DGamekit/Art/Sprites/Environment/AlienSculpture03.png
  artifactKey: Guid(b90e5ea9554d1e84d962fcfd0512a9b4) Importer(815301076,1909f56bfc062723c751e8b465ee728b)
Start importing Assets/2DGamekit/Art/Sprites/Environment/AlienSculpture03.png using Guid(b90e5ea9554d1e84d962fcfd0512a9b4) Importer(815301076,1909f56bfc062723c751e8b465ee728b)  -> (artifact id: '6fbc93196d4fe33edbfaff9956888fb2') in 0.012382 seconds 
  Import took 0.016756 seconds .

========================================================================
Received Import Request.
  Time since last request: 0.000261 seconds.
  path: Assets/2DGamekit/Art/Sprites/Environment/FloatingRocks.png
  artifactKey: Guid(e49210b2eba9a5442b6fe40c91776cd2) Importer(815301076,1909f56bfc062723c751e8b465ee728b)
Start importing Assets/2DGamekit/Art/Sprites/Environment/FloatingRocks.png using Guid(e49210b2eba9a5442b6fe40c91776cd2) Importer(815301076,1909f56bfc062723c751e8b465ee728b)  -> (artifact id: 'caad84f2169b730b13d7360d1b1bb7e9') in 0.089359 seconds 
  Import took 0.095155 seconds .

========================================================================
Received Import Request.
  Time since last request: 0.000190 seconds.
  path: Assets/2DGamekit/Art/Sprites/Environment/AlienStatue05.png
  artifactKey: Guid(600064507324d1149b26bb86c93e1fd3) Importer(815301076,1909f56bfc062723c751e8b465ee728b)
Start importing Assets/2DGamekit/Art/Sprites/Environment/AlienStatue05.png using Guid(600064507324d1149b26bb86c93e1fd3) Importer(815301076,1909f56bfc062723c751e8b465ee728b)  -> (artifact id: '3ea11269f5a079a2f82e0ea72c9c9102') in 0.014510 seconds 
  Import took 0.019244 seconds .

========================================================================
Received Import Request.
  Time since last request: 0.000200 seconds.
  path: Assets/2DGamekit/Art/Sprites/Environment/AlienSculpture01.png
  artifactKey: Guid(e7f21eb158d2cb945803f2614edc07f8) Importer(815301076,1909f56bfc062723c751e8b465ee728b)
Start importing Assets/2DGamekit/Art/Sprites/Environment/AlienSculpture01.png using Guid(e7f21eb158d2cb945803f2614edc07f8) Importer(815301076,1909f56bfc062723c751e8b465ee728b)  -> (artifact id: '8933db5c1e8db715dd274243c919ce0c') in 0.018268 seconds 
  Import took 0.022836 seconds .

========================================================================
Received Import Request.
  Time since last request: 0.000176 seconds.
  path: Assets/2DGamekit/Art/Sprites/Environment/AlienFlora.png
  artifactKey: Guid(6e43932fcf79bb44881725c7dba2dfde) Importer(815301076,1909f56bfc062723c751e8b465ee728b)
Start importing Assets/2DGamekit/Art/Sprites/Environment/AlienFlora.png using Guid(6e43932fcf79bb44881725c7dba2dfde) Importer(815301076,1909f56bfc062723c751e8b465ee728b)  -> (artifact id: 'a40b223833108fa30f684c6a1ea1bb5d') in 0.149715 seconds 
  Import took 0.154170 seconds .

========================================================================
Received Import Request.
  Time since last request: 0.000244 seconds.
  path: Assets/2DGamekit/Art/Sprites/Environment/LowerPlants5.png
  artifactKey: Guid(6abd01d1bd500b7468e35f5fc76023ea) Importer(815301076,1909f56bfc062723c751e8b465ee728b)
Start importing Assets/2DGamekit/Art/Sprites/Environment/LowerPlants5.png using Guid(6abd01d1bd500b7468e35f5fc76023ea) Importer(815301076,1909f56bfc062723c751e8b465ee728b)  -> (artifact id: 'dbd11082a02ced391558feb3bfd601cc') in 0.135023 seconds 
  Import took 0.139351 seconds .

========================================================================
Received Import Request.
  Time since last request: 0.000196 seconds.
  path: Assets/2DGamekit/Art/Sprites/Environment/DistantMount(tilable).png
  artifactKey: Guid(562939ad906ef07468206650fdfd5735) Importer(815301076,1909f56bfc062723c751e8b465ee728b)
Start importing Assets/2DGamekit/Art/Sprites/Environment/DistantMount(tilable).png using Guid(562939ad906ef07468206650fdfd5735) Importer(815301076,1909f56bfc062723c751e8b465ee728b)  -> (artifact id: '944aa1e4062cc5bfe20161c715b77ab0') in 0.018157 seconds 
  Import took 0.022635 seconds .

========================================================================
Received Import Request.
  Time since last request: 0.000196 seconds.
  path: Assets/2DGamekit/Art/Sprites/Environment/LowerPlants4.png
  artifactKey: Guid(ca959e4b1f739134eb2418d8e56c04b6) Importer(815301076,1909f56bfc062723c751e8b465ee728b)
Start importing Assets/2DGamekit/Art/Sprites/Environment/LowerPlants4.png using Guid(ca959e4b1f739134eb2418d8e56c04b6) Importer(815301076,1909f56bfc062723c751e8b465ee728b)  -> (artifact id: 'de1f867886ceedc74a68c24f8a38aff3') in 0.063361 seconds 
  Import took 0.068114 seconds .

========================================================================
Received Import Request.
  Time since last request: 0.000213 seconds.
  path: Assets/2DGamekit/Art/Sprites/Environment/BGRock04.png
  artifactKey: Guid(6eba019cb0240eb4d9d8a2d06a7d6453) Importer(815301076,1909f56bfc062723c751e8b465ee728b)
Start importing Assets/2DGamekit/Art/Sprites/Environment/BGRock04.png using Guid(6eba019cb0240eb4d9d8a2d06a7d6453) Importer(815301076,1909f56bfc062723c751e8b465ee728b)  -> (artifact id: 'f10538fecb97652fb3429219df66d10c') in 0.011079 seconds 
  Import took 0.015872 seconds .

========================================================================
Received Import Request.
  Time since last request: 0.000213 seconds.
  path: Assets/2DGamekit/Art/Sprites/Environment/BGRock02.png
  artifactKey: Guid(5d7509e35f3ef834b8e75f8b1890b4e5) Importer(815301076,1909f56bfc062723c751e8b465ee728b)
Start importing Assets/2DGamekit/Art/Sprites/Environment/BGRock02.png using Guid(5d7509e35f3ef834b8e75f8b1890b4e5) Importer(815301076,1909f56bfc062723c751e8b465ee728b)  -> (artifact id: '6c9547a7ccc228db84264b528aaa39b9') in 0.017150 seconds 
  Import took 0.021803 seconds .

========================================================================
Received Import Request.
  Time since last request: 0.000258 seconds.
  path: Assets/2DGamekit/Art/Sprites/Environment/Chomper02.png
  artifactKey: Guid(57fc8c26f694d2249a11c5fee50ec125) Importer(815301076,1909f56bfc062723c751e8b465ee728b)
Start importing Assets/2DGamekit/Art/Sprites/Environment/Chomper02.png using Guid(57fc8c26f694d2249a11c5fee50ec125) Importer(815301076,1909f56bfc062723c751e8b465ee728b)  -> (artifact id: 'c76e1211facf649e89b6e77839531f39') in 0.017097 seconds 
  Import took 0.021831 seconds .

========================================================================
Received Import Request.
  Time since last request: 0.000195 seconds.
  path: Assets/2DGamekit/Art/Sprites/Environment/Dropship.png
  artifactKey: Guid(1729de44d07c57f4e87192de411a0486) Importer(815301076,1909f56bfc062723c751e8b465ee728b)
Start importing Assets/2DGamekit/Art/Sprites/Environment/Dropship.png using Guid(1729de44d07c57f4e87192de411a0486) Importer(815301076,1909f56bfc062723c751e8b465ee728b)  -> (artifact id: '116d74fe1cb2e12187d02ceffb1f5f8b') in 0.021680 seconds 
  Import took 0.026912 seconds .

========================================================================
Received Import Request.
  Time since last request: 0.000205 seconds.
  path: Assets/2DGamekit/Art/Sprites/Environment/WallTile.png
  artifactKey: Guid(6aa3a976ac9ecc54aad638ffbf4e67c6) Importer(815301076,1909f56bfc062723c751e8b465ee728b)
Start importing Assets/2DGamekit/Art/Sprites/Environment/WallTile.png using Guid(6aa3a976ac9ecc54aad638ffbf4e67c6) Importer(815301076,1909f56bfc062723c751e8b465ee728b)  -> (artifact id: 'ab94e7c6e39cf4edf0435c0f9a819eb8') in 0.014679 seconds 
  Import took 0.019688 seconds .

========================================================================
Received Import Request.
  Time since last request: 0.000274 seconds.
  path: Assets/2DGamekit/Art/Sprites/Environment/AlienSculpture01b.png
  artifactKey: Guid(d3e03fee1fd37c149bb5203b490f0baa) Importer(815301076,1909f56bfc062723c751e8b465ee728b)
Start importing Assets/2DGamekit/Art/Sprites/Environment/AlienSculpture01b.png using Guid(d3e03fee1fd37c149bb5203b490f0baa) Importer(815301076,1909f56bfc062723c751e8b465ee728b)  -> (artifact id: '595dbac7fe96cf2b82deea52fa94f2d5') in 0.012456 seconds 
  Import took 0.017296 seconds .

========================================================================
Received Import Request.
  Time since last request: 0.000229 seconds.
  path: Assets/2DGamekit/Art/Sprites/Environment/PlantMidSized.png
  artifactKey: Guid(cad6f8f282a98b04b9027eadbdb78451) Importer(815301076,1909f56bfc062723c751e8b465ee728b)
Start importing Assets/2DGamekit/Art/Sprites/Environment/PlantMidSized.png using Guid(cad6f8f282a98b04b9027eadbdb78451) Importer(815301076,1909f56bfc062723c751e8b465ee728b)  -> (artifact id: '39dec68f7a8a4fb7e083d4a9ef2cb37a') in 0.027600 seconds 
  Import took 0.032687 seconds .

========================================================================
Received Import Request.
  Time since last request: 0.000258 seconds.
  path: Assets/2DGamekit/Art/Sprites/Environment/LowerPlants6.png
  artifactKey: Guid(14ad88aa05b531d40bb7667bf21651eb) Importer(815301076,1909f56bfc062723c751e8b465ee728b)
Start importing Assets/2DGamekit/Art/Sprites/Environment/LowerPlants6.png using Guid(14ad88aa05b531d40bb7667bf21651eb) Importer(815301076,1909f56bfc062723c751e8b465ee728b)  -> (artifact id: 'c14eea900b3859a4d74a411caac0355b') in 0.037040 seconds 
  Import took 0.041815 seconds .

========================================================================
Received Import Request.
  Time since last request: 0.000187 seconds.
  path: Assets/2DGamekit/Art/Sprites/Environment/LowerPlants3.png
  artifactKey: Guid(2b30fc6e4ddac2545af6462ae063edad) Importer(815301076,1909f56bfc062723c751e8b465ee728b)
Start importing Assets/2DGamekit/Art/Sprites/Environment/LowerPlants3.png using Guid(2b30fc6e4ddac2545af6462ae063edad) Importer(815301076,1909f56bfc062723c751e8b465ee728b)  -> (artifact id: 'caec8a924244d90f6f89024664d8b623') in 0.060953 seconds 
  Import took 0.065689 seconds .

========================================================================
Received Import Request.
  Time since last request: 0.000211 seconds.
  path: Assets/2DGamekit/Art/Sprites/Environment/AlienBlock01.png
  artifactKey: Guid(27d3b077540489548895b070354e048e) Importer(815301076,1909f56bfc062723c751e8b465ee728b)
Start importing Assets/2DGamekit/Art/Sprites/Environment/AlienBlock01.png using Guid(27d3b077540489548895b070354e048e) Importer(815301076,1909f56bfc062723c751e8b465ee728b)  -> (artifact id: 'c66201ea276f7647033a7ab1a2ee0df6') in 0.022922 seconds 
  Import took 0.027270 seconds .

========================================================================
Received Import Request.
  Time since last request: 0.000199 seconds.
  path: Assets/2DGamekit/Art/Sprites/Environment/WallTileEnd.png
  artifactKey: Guid(804743266b3b62d428e86255220b6694) Importer(815301076,1909f56bfc062723c751e8b465ee728b)
Start importing Assets/2DGamekit/Art/Sprites/Environment/WallTileEnd.png using Guid(804743266b3b62d428e86255220b6694) Importer(815301076,1909f56bfc062723c751e8b465ee728b)  -> (artifact id: '0b2e70a4b368fdbabdf2126775d8e6c9') in 0.020924 seconds 
  Import took 0.025431 seconds .

========================================================================
Received Import Request.
  Time since last request: 0.000252 seconds.
  path: Assets/2DGamekit/Art/Sprites/Environment/UndergroundRoots.png
  artifactKey: Guid(a0db901905a42bb4397f3268337c528b) Importer(815301076,1909f56bfc062723c751e8b465ee728b)
Start importing Assets/2DGamekit/Art/Sprites/Environment/UndergroundRoots.png using Guid(a0db901905a42bb4397f3268337c528b) Importer(815301076,1909f56bfc062723c751e8b465ee728b)  -> (artifact id: '37522eb429e5a77ec271076b3280cf7b') in 0.017948 seconds 
  Import took 0.023127 seconds .

========================================================================
Received Import Request.
  Time since last request: 0.000204 seconds.
  path: Assets/2DGamekit/Art/Sprites/Environment/AlienBlock05.png
  artifactKey: Guid(1bdb3ae754025874c8232697a4529489) Importer(815301076,1909f56bfc062723c751e8b465ee728b)
Start importing Assets/2DGamekit/Art/Sprites/Environment/AlienBlock05.png using Guid(1bdb3ae754025874c8232697a4529489) Importer(815301076,1909f56bfc062723c751e8b465ee728b)  -> (artifact id: 'ab686243248012fa465d658dd475fb39') in 0.012848 seconds 
  Import took 0.017336 seconds .

========================================================================
Received Import Request.
  Time since last request: 0.000206 seconds.
  path: Assets/2DGamekit/Art/Sprites/Environment/Rubble.png
  artifactKey: Guid(d76850a37a3b5144093c7940ae562b4b) Importer(815301076,1909f56bfc062723c751e8b465ee728b)
Start importing Assets/2DGamekit/Art/Sprites/Environment/Rubble.png using Guid(d76850a37a3b5144093c7940ae562b4b) Importer(815301076,1909f56bfc062723c751e8b465ee728b)  -> (artifact id: 'b397cf2f4e1ce7783570a90d5690bdeb') in 0.038542 seconds 
  Import took 0.043334 seconds .

========================================================================
Received Import Request.
  Time since last request: 0.000198 seconds.
  path: Assets/2DGamekit/Art/Sprites/Environment/WallTile02.png
  artifactKey: Guid(62d2808515efe6d4897f8d8cd5218f31) Importer(815301076,1909f56bfc062723c751e8b465ee728b)
Start importing Assets/2DGamekit/Art/Sprites/Environment/WallTile02.png using Guid(62d2808515efe6d4897f8d8cd5218f31) Importer(815301076,1909f56bfc062723c751e8b465ee728b)  -> (artifact id: 'bb48a6b4b548c2e011e7e8481361b821') in 0.013164 seconds 
  Import took 0.018025 seconds .

========================================================================
Received Import Request.
  Time since last request: 0.000225 seconds.
  path: Assets/2DGamekit/Art/Sprites/Environment/LowerPlants1.png
  artifactKey: Guid(47b428b699457b74992fad3070540648) Importer(815301076,1909f56bfc062723c751e8b465ee728b)
Start importing Assets/2DGamekit/Art/Sprites/Environment/LowerPlants1.png using Guid(47b428b699457b74992fad3070540648) Importer(815301076,1909f56bfc062723c751e8b465ee728b)  -> (artifact id: '23bb0c74b20d0a0a20962176ff576e62') in 0.083098 seconds 
  Import took 0.088584 seconds .

========================================================================
Received Import Request.
  Time since last request: 0.000238 seconds.
  path: Assets/2DGamekit/Art/Sprites/Environment/AlienBlock06.png
  artifactKey: Guid(c0db65020163c56489c1a4801f97a149) Importer(815301076,1909f56bfc062723c751e8b465ee728b)
Start importing Assets/2DGamekit/Art/Sprites/Environment/AlienBlock06.png using Guid(c0db65020163c56489c1a4801f97a149) Importer(815301076,1909f56bfc062723c751e8b465ee728b)  -> (artifact id: '61b566c7f45917d60a7f51d1960fcd58') in 0.012821 seconds 
  Import took 0.017401 seconds .

========================================================================
Received Import Request.
  Time since last request: 0.000189 seconds.
  path: Assets/2DGamekit/Art/Sprites/Environment/AlienStatue04.png
  artifactKey: Guid(f67a668a825ba9545bfca88b46961865) Importer(815301076,1909f56bfc062723c751e8b465ee728b)
Start importing Assets/2DGamekit/Art/Sprites/Environment/AlienStatue04.png using Guid(f67a668a825ba9545bfca88b46961865) Importer(815301076,1909f56bfc062723c751e8b465ee728b)  -> (artifact id: 'ab328fb2dd60585186ce7c31f2bc0de3') in 0.019060 seconds 
  Import took 0.023713 seconds .

========================================================================
Received Import Request.
  Time since last request: 0.000243 seconds.
  path: Assets/2DGamekit/Art/Sprites/Environment/HangingPlants1.png
  artifactKey: Guid(f66c4b63264e91e48bbdc9c0a5966da4) Importer(815301076,1909f56bfc062723c751e8b465ee728b)
Start importing Assets/2DGamekit/Art/Sprites/Environment/HangingPlants1.png using Guid(f66c4b63264e91e48bbdc9c0a5966da4) Importer(815301076,1909f56bfc062723c751e8b465ee728b)  -> (artifact id: '7ca8e551bfce76e115fd2a245e970031') in 0.048223 seconds 
  Import took 0.052818 seconds .

========================================================================
Received Import Request.
  Time since last request: 0.000214 seconds.
  path: Assets/2DGamekit/Art/Sprites/Environment/AlienBlock04.png
  artifactKey: Guid(f2fe0307e2e9fcd47a01feaa7fc499ea) Importer(815301076,1909f56bfc062723c751e8b465ee728b)
Start importing Assets/2DGamekit/Art/Sprites/Environment/AlienBlock04.png using Guid(f2fe0307e2e9fcd47a01feaa7fc499ea) Importer(815301076,1909f56bfc062723c751e8b465ee728b)  -> (artifact id: 'e06cec3d64b1b6b450fabd8ecac1bf9c') in 0.012234 seconds 
  Import took 0.017108 seconds .

========================================================================
Received Import Request.
  Time since last request: 0.000228 seconds.
  path: Assets/2DGamekit/Art/Sprites/Environment/AlienBlock02.png
  artifactKey: Guid(b4f26af56d17ca74da9d1a08adffb885) Importer(815301076,1909f56bfc062723c751e8b465ee728b)
Start importing Assets/2DGamekit/Art/Sprites/Environment/AlienBlock02.png using Guid(b4f26af56d17ca74da9d1a08adffb885) Importer(815301076,1909f56bfc062723c751e8b465ee728b)  -> (artifact id: '7a54682c196b683a88231709ab42f620') in 0.015667 seconds 
  Import took 0.020334 seconds .

========================================================================
Received Import Request.
  Time since last request: 0.000196 seconds.
  path: Assets/2DGamekit/Art/Sprites/Environment/Platforms.png
  artifactKey: Guid(06555221cbcfd224692fc060ab31f685) Importer(815301076,1909f56bfc062723c751e8b465ee728b)
Start importing Assets/2DGamekit/Art/Sprites/Environment/Platforms.png using Guid(06555221cbcfd224692fc060ab31f685) Importer(815301076,1909f56bfc062723c751e8b465ee728b)  -> (artifact id: '887319b501054d4459f3b3d2e9baf885') in 0.034604 seconds 
  Import took 0.039554 seconds .

========================================================================
Received Import Request.
  Time since last request: 0.000188 seconds.
  path: Assets/2DGamekit/Art/Sprites/Environment/Plants.png
  artifactKey: Guid(e134e0f4ed64a1848aece477e814af31) Importer(815301076,1909f56bfc062723c751e8b465ee728b)
Start importing Assets/2DGamekit/Art/Sprites/Environment/Plants.png using Guid(e134e0f4ed64a1848aece477e814af31) Importer(815301076,1909f56bfc062723c751e8b465ee728b)  -> (artifact id: '4cd486959d5bd7fdbd201cd2c31d15c4') in 0.104707 seconds 
  Import took 0.112121 seconds .

========================================================================
Received Import Request.
  Time since last request: 0.000261 seconds.
  path: Assets/2DGamekit/Art/Sprites/Environment/AlienStatue01.png
  artifactKey: Guid(512f28cb88dfa234e96c078d811753eb) Importer(815301076,1909f56bfc062723c751e8b465ee728b)
Start importing Assets/2DGamekit/Art/Sprites/Environment/AlienStatue01.png using Guid(512f28cb88dfa234e96c078d811753eb) Importer(815301076,1909f56bfc062723c751e8b465ee728b)  -> (artifact id: '128a3d53ad8ebff527738e3741adc091') in 0.021184 seconds 
  Import took 0.026107 seconds .

========================================================================
Received Import Request.
  Time since last request: 0.000195 seconds.
  path: Assets/2DGamekit/Art/Sprites/Environment/AproachingWallPattern02.png
  artifactKey: Guid(aa84ae5dd435831498ae7af683f6aa67) Importer(815301076,1909f56bfc062723c751e8b465ee728b)
Start importing Assets/2DGamekit/Art/Sprites/Environment/AproachingWallPattern02.png using Guid(aa84ae5dd435831498ae7af683f6aa67) Importer(815301076,1909f56bfc062723c751e8b465ee728b)  -> (artifact id: '699b7471a714514897efe8f11971ad10') in 0.025977 seconds 
  Import took 0.031121 seconds .

========================================================================
Received Import Request.
  Time since last request: 0.000204 seconds.
  path: Assets/2DGamekit/Art/Sprites/Environment/LowerPlants2.png
  artifactKey: Guid(65064d37f969d7e479d033b652437758) Importer(815301076,1909f56bfc062723c751e8b465ee728b)
Start importing Assets/2DGamekit/Art/Sprites/Environment/LowerPlants2.png using Guid(65064d37f969d7e479d033b652437758) Importer(815301076,1909f56bfc062723c751e8b465ee728b)  -> (artifact id: 'fd555e35e7f1bca90451244b3134a7a5') in 0.048695 seconds 
  Import took 0.053644 seconds .

========================================================================
Received Import Request.
  Time since last request: 0.000195 seconds.
  path: Assets/2DGamekit/Art/Sprites/Environment/Sky.png
  artifactKey: Guid(2ad68479ac228e144addc70c060610b3) Importer(815301076,1909f56bfc062723c751e8b465ee728b)
Start importing Assets/2DGamekit/Art/Sprites/Environment/Sky.png using Guid(2ad68479ac228e144addc70c060610b3) Importer(815301076,1909f56bfc062723c751e8b465ee728b)  -> (artifact id: '6cbc2ba9bf88b020b7cb6e575c62b5b8') in 0.016948 seconds 
  Import took 0.022018 seconds .

========================================================================
Received Import Request.
  Time since last request: 0.000202 seconds.
  path: Assets/2DGamekit/Art/Sprites/Environment/Stones.png
  artifactKey: Guid(8c4b1cadd52d1b24cb3e5a64c6b3e683) Importer(815301076,1909f56bfc062723c751e8b465ee728b)
Start importing Assets/2DGamekit/Art/Sprites/Environment/Stones.png using Guid(8c4b1cadd52d1b24cb3e5a64c6b3e683) Importer(815301076,1909f56bfc062723c751e8b465ee728b)  -> (artifact id: '2cc62f270f73fbd87baca2dd6defb739') in 0.053966 seconds 
  Import took 0.058574 seconds .

========================================================================
Received Import Request.
  Time since last request: 0.000287 seconds.
  path: Assets/2DGamekit/Art/Sprites/Environment/PlantsNormal.png
  artifactKey: Guid(f298df0d431afe444a1f8479f9f9e00a) Importer(815301076,1909f56bfc062723c751e8b465ee728b)
Start importing Assets/2DGamekit/Art/Sprites/Environment/PlantsNormal.png using Guid(f298df0d431afe444a1f8479f9f9e00a) Importer(815301076,1909f56bfc062723c751e8b465ee728b)  -> (artifact id: '7e236b683152028f9b43fd5d3d2bb18b') in 0.014530 seconds 
  Import took 0.018973 seconds .

========================================================================
Received Import Request.
  Time since last request: 0.000232 seconds.
  path: Assets/2DGamekit/Art/Sprites/Environment/AlienStatue03.png
  artifactKey: Guid(07e031773e28ca54384d771dca9b947d) Importer(815301076,1909f56bfc062723c751e8b465ee728b)
Start importing Assets/2DGamekit/Art/Sprites/Environment/AlienStatue03.png using Guid(07e031773e28ca54384d771dca9b947d) Importer(815301076,1909f56bfc062723c751e8b465ee728b)  -> (artifact id: 'e60e14dd437ef459845dc56c5b6a50b1') in 0.019926 seconds 
  Import took 0.024925 seconds .

========================================================================
Received Import Request.
  Time since last request: 0.000219 seconds.
  path: Assets/2DGamekit/Art/Sprites/Environment/HangingPlants2.png
  artifactKey: Guid(f88d8f6be5a5b2a4bb198ffa5fc1be8b) Importer(815301076,1909f56bfc062723c751e8b465ee728b)
Start importing Assets/2DGamekit/Art/Sprites/Environment/HangingPlants2.png using Guid(f88d8f6be5a5b2a4bb198ffa5fc1be8b) Importer(815301076,1909f56bfc062723c751e8b465ee728b)  -> (artifact id: 'f43ae951271015535765b80b76cdcb45') in 0.046592 seconds 
  Import took 0.051541 seconds .

========================================================================
Received Import Request.
  Time since last request: 0.000210 seconds.
  path: Assets/2DGamekit/Art/Sprites/Environment/Chomper.png
  artifactKey: Guid(f96da8777c26cf94d8af762180932ee6) Importer(815301076,1909f56bfc062723c751e8b465ee728b)
Start importing Assets/2DGamekit/Art/Sprites/Environment/Chomper.png using Guid(f96da8777c26cf94d8af762180932ee6) Importer(815301076,1909f56bfc062723c751e8b465ee728b)  -> (artifact id: '3e69f596ba462696721b14c659060f0f') in 0.013182 seconds 
  Import took 0.017926 seconds .

========================================================================
Received Prepare
Registering precompiled user dll's ...
Registered in 0.004277 seconds.
Begin MonoManager ReloadAssembly
Native extension for OSXStandalone target not found
Native extension for WebGL target not found
Refreshing native plugins compatible for Editor in 0.65 ms, found 3 plugins.
Preloading 0 native plugins for Editor in 0.00 ms.
Mono: successfully reloaded assembly
- Completed reload, in  1.270 seconds
Domain Reload Profiling:
	ReloadAssembly (1270ms)
		BeginReloadAssembly (160ms)
			ExecutionOrderSort (0ms)
			DisableScriptedObjects (7ms)
			BackupInstance (0ms)
			ReleaseScriptingObjects (0ms)
			CreateAndSetChildDomain (79ms)
		EndReloadAssembly (1038ms)
			LoadAssemblies (116ms)
			RebuildTransferFunctionScriptingTraits (0ms)
			SetupTypeCache (363ms)
			ReleaseScriptCaches (1ms)
			RebuildScriptCaches (63ms)
			SetupLoadedEditorAssemblies (348ms)
				LogAssemblyErrors (0ms)
				InitializePlatformSupportModulesInManaged (6ms)
				SetLoadedEditorAssemblies (0ms)
				RefreshPlugins (1ms)
				BeforeProcessingInitializeOnLoad (104ms)
				ProcessInitializeOnLoadAttributes (231ms)
				ProcessInitializeOnLoadMethodAttributes (5ms)
				AfterProcessingInitializeOnLoad (1ms)
				EditorAssembliesLoaded (0ms)
			ExecutionOrderSort2 (0ms)
			AwakeInstancesAfterBackupRestoration (17ms)
Platform modules already initialized, skipping
Refreshing native plugins compatible for Editor in 0.69 ms, found 3 plugins.
Preloading 0 native plugins for Editor in 0.00 ms.
Unloading 2482 Unused Serialized files (Serialized files now loaded: 0)
System memory in use before: 245.5 MB.
System memory in use after: 245.7 MB.

Unloading 15 unused Assets to reduce memory usage. Loaded Objects now: 3578.
Total: 4.811238 ms (FindLiveObjects: 0.453758 ms CreateObjectMapping: 0.202155 ms MarkObjects: 4.132469 ms  DeleteObjects: 0.021462 ms)

AssetImportParameters requested are different than current active one (requested -> active):
  custom:video-decoder-ogg-theora: a1e56fd34408186e4bbccfd4996cb3dc -> 
  custom:container-muxer-webm: aa71ff27fc2769a1b78a27578f13a17b -> 
  custom:container-demuxer-webm: 4f35f7cbe854078d1ac9338744f61a02 -> 
  custom:container-demuxer-ogg: 62fdf1f143b41e24485cea50d1cbac27 -> 
  custom:video-encoder-webm-vp8: eb34c28f22e8b96e1ab97ce403110664 -> 
  custom:framework-osx-AVFoundation: b23960f63f64bdc6ff669e2cdcee2391 -> 
  custom:video-decoder-webm-vp8: 9c59270c3fd7afecdb556c50c9e8de78 -> 
  custom:audio-decoder-ogg-vorbis: bf7c407c2cedff20999df2af8eb42d56 -> 
  custom:audio-encoder-webm-vorbis: bf7c407c2cedff20999df2af8eb42d56 -> 
AssetImportWorkerClient::OnTransportError - code=2 error=End of file
